{"/Users/Cody/code_projects/willow-design-system/packages/willow-cli/packages/generator/examples/file-writer-example.ts": {"path":"/Users/Cody/code_projects/willow-design-system/packages/willow-cli/packages/generator/examples/file-writer-example.ts","all":true,"statementMap":{"0":{"start":{"line":1,"column":0},"end":{"line":1,"column":3}},"1":{"start":{"line":2,"column":0},"end":{"line":2,"column":27}},"2":{"start":{"line":3,"column":0},"end":{"line":3,"column":81}},"3":{"start":{"line":4,"column":0},"end":{"line":4,"column":3}},"4":{"start":{"line":5,"column":0},"end":{"line":5,"column":0}},"5":{"start":{"line":6,"column":0},"end":{"line":6,"column":96}},"6":{"start":{"line":7,"column":0},"end":{"line":7,"column":0}},"7":{"start":{"line":8,"column":0},"end":{"line":8,"column":40}},"8":{"start":{"line":9,"column":0},"end":{"line":9,"column":38}},"9":{"start":{"line":10,"column":0},"end":{"line":10,"column":0}},"10":{"start":{"line":11,"column":0},"end":{"line":11,"column":58}},"11":{"start":{"line":12,"column":0},"end":{"line":12,"column":47}},"12":{"start":{"line":13,"column":0},"end":{"line":13,"column":41}},"13":{"start":{"line":14,"column":0},"end":{"line":14,"column":26}},"14":{"start":{"line":15,"column":0},"end":{"line":15,"column":53}},"15":{"start":{"line":16,"column":0},"end":{"line":16,"column":24}},"16":{"start":{"line":17,"column":0},"end":{"line":17,"column":28}},"17":{"start":{"line":18,"column":0},"end":{"line":18,"column":4}},"18":{"start":{"line":19,"column":0},"end":{"line":19,"column":0}},"19":{"start":{"line":20,"column":0},"end":{"line":20,"column":44}},"20":{"start":{"line":21,"column":0},"end":{"line":21,"column":56}},"21":{"start":{"line":22,"column":0},"end":{"line":22,"column":30}},"22":{"start":{"line":23,"column":0},"end":{"line":23,"column":3}},"23":{"start":{"line":24,"column":0},"end":{"line":24,"column":25}},"24":{"start":{"line":25,"column":0},"end":{"line":25,"column":4}},"25":{"start":{"line":26,"column":0},"end":{"line":26,"column":0}},"26":{"start":{"line":27,"column":0},"end":{"line":27,"column":70}},"27":{"start":{"line":28,"column":0},"end":{"line":28,"column":34}},"28":{"start":{"line":29,"column":0},"end":{"line":29,"column":0}},"29":{"start":{"line":30,"column":0},"end":{"line":30,"column":57}},"30":{"start":{"line":31,"column":0},"end":{"line":31,"column":53}},"31":{"start":{"line":32,"column":0},"end":{"line":32,"column":41}},"32":{"start":{"line":33,"column":0},"end":{"line":33,"column":26}},"33":{"start":{"line":34,"column":0},"end":{"line":34,"column":48}},"34":{"start":{"line":35,"column":0},"end":{"line":35,"column":28}},"35":{"start":{"line":36,"column":0},"end":{"line":36,"column":4}},"36":{"start":{"line":37,"column":0},"end":{"line":37,"column":0}},"37":{"start":{"line":38,"column":0},"end":{"line":38,"column":49}},"38":{"start":{"line":39,"column":0},"end":{"line":39,"column":5}},"39":{"start":{"line":40,"column":0},"end":{"line":40,"column":64}},"40":{"start":{"line":41,"column":0},"end":{"line":41,"column":32}},"41":{"start":{"line":42,"column":0},"end":{"line":42,"column":6}},"42":{"start":{"line":43,"column":0},"end":{"line":43,"column":5}},"43":{"start":{"line":44,"column":0},"end":{"line":44,"column":50}},"44":{"start":{"line":45,"column":0},"end":{"line":45,"column":36}},"45":{"start":{"line":46,"column":0},"end":{"line":46,"column":6}},"46":{"start":{"line":47,"column":0},"end":{"line":47,"column":5}},"47":{"start":{"line":48,"column":0},"end":{"line":48,"column":52}},"48":{"start":{"line":49,"column":0},"end":{"line":49,"column":47}},"49":{"start":{"line":50,"column":0},"end":{"line":50,"column":0}},"50":{"start":{"line":51,"column":0},"end":{"line":51,"column":66}},"51":{"start":{"line":52,"column":0},"end":{"line":52,"column":27}},"52":{"start":{"line":53,"column":0},"end":{"line":53,"column":6}},"53":{"start":{"line":54,"column":0},"end":{"line":54,"column":4}},"54":{"start":{"line":55,"column":0},"end":{"line":55,"column":0}},"55":{"start":{"line":56,"column":0},"end":{"line":56,"column":75}},"56":{"start":{"line":57,"column":0},"end":{"line":57,"column":36}},"57":{"start":{"line":58,"column":0},"end":{"line":58,"column":0}},"58":{"start":{"line":59,"column":0},"end":{"line":59,"column":28}},"59":{"start":{"line":60,"column":0},"end":{"line":60,"column":48}},"60":{"start":{"line":61,"column":0},"end":{"line":61,"column":41}},"61":{"start":{"line":62,"column":0},"end":{"line":62,"column":26}},"62":{"start":{"line":63,"column":0},"end":{"line":63,"column":49}},"63":{"start":{"line":64,"column":0},"end":{"line":64,"column":24}},"64":{"start":{"line":65,"column":0},"end":{"line":65,"column":4}},"65":{"start":{"line":66,"column":0},"end":{"line":66,"column":0}},"66":{"start":{"line":67,"column":0},"end":{"line":67,"column":51}},"67":{"start":{"line":68,"column":0},"end":{"line":68,"column":25}},"68":{"start":{"line":69,"column":0},"end":{"line":69,"column":7}},"69":{"start":{"line":70,"column":0},"end":{"line":70,"column":18}},"70":{"start":{"line":71,"column":0},"end":{"line":71,"column":32}},"71":{"start":{"line":72,"column":0},"end":{"line":72,"column":40}},"72":{"start":{"line":73,"column":0},"end":{"line":73,"column":10}},"73":{"start":{"line":74,"column":0},"end":{"line":74,"column":26}},"74":{"start":{"line":75,"column":0},"end":{"line":75,"column":27}},"75":{"start":{"line":76,"column":0},"end":{"line":76,"column":40}},"76":{"start":{"line":77,"column":0},"end":{"line":77,"column":10}},"77":{"start":{"line":78,"column":0},"end":{"line":78,"column":8}},"78":{"start":{"line":79,"column":0},"end":{"line":79,"column":11}},"79":{"start":{"line":80,"column":0},"end":{"line":80,"column":7}},"80":{"start":{"line":81,"column":0},"end":{"line":81,"column":6}},"81":{"start":{"line":82,"column":0},"end":{"line":82,"column":29}},"82":{"start":{"line":83,"column":0},"end":{"line":83,"column":4}},"83":{"start":{"line":84,"column":0},"end":{"line":84,"column":0}},"84":{"start":{"line":85,"column":0},"end":{"line":85,"column":77}},"85":{"start":{"line":86,"column":0},"end":{"line":86,"column":34}},"86":{"start":{"line":87,"column":0},"end":{"line":87,"column":0}},"87":{"start":{"line":88,"column":0},"end":{"line":88,"column":42}},"88":{"start":{"line":89,"column":0},"end":{"line":89,"column":57}},"89":{"start":{"line":90,"column":0},"end":{"line":90,"column":42}},"90":{"start":{"line":91,"column":0},"end":{"line":91,"column":26}},"91":{"start":{"line":92,"column":0},"end":{"line":92,"column":50}},"92":{"start":{"line":93,"column":0},"end":{"line":93,"column":63}},"93":{"start":{"line":94,"column":0},"end":{"line":94,"column":58}},"94":{"start":{"line":95,"column":0},"end":{"line":95,"column":65}},"95":{"start":{"line":96,"column":0},"end":{"line":96,"column":69}},"96":{"start":{"line":97,"column":0},"end":{"line":97,"column":66}},"97":{"start":{"line":98,"column":0},"end":{"line":98,"column":77}},"98":{"start":{"line":99,"column":0},"end":{"line":99,"column":8}},"99":{"start":{"line":100,"column":0},"end":{"line":100,"column":78}},"100":{"start":{"line":101,"column":0},"end":{"line":101,"column":75}},"101":{"start":{"line":102,"column":0},"end":{"line":102,"column":8}},"102":{"start":{"line":103,"column":0},"end":{"line":103,"column":120}},"103":{"start":{"line":104,"column":0},"end":{"line":104,"column":7}},"104":{"start":{"line":105,"column":0},"end":{"line":105,"column":52}},"105":{"start":{"line":106,"column":0},"end":{"line":106,"column":6}},"106":{"start":{"line":107,"column":0},"end":{"line":107,"column":4}},"107":{"start":{"line":108,"column":0},"end":{"line":108,"column":0}},"108":{"start":{"line":109,"column":0},"end":{"line":109,"column":46}},"109":{"start":{"line":110,"column":0},"end":{"line":110,"column":45}},"110":{"start":{"line":111,"column":0},"end":{"line":111,"column":38}},"111":{"start":{"line":112,"column":0},"end":{"line":112,"column":0}},"112":{"start":{"line":113,"column":0},"end":{"line":113,"column":26}},"113":{"start":{"line":114,"column":0},"end":{"line":114,"column":14}},"114":{"start":{"line":115,"column":0},"end":{"line":115,"column":27}},"115":{"start":{"line":116,"column":0},"end":{"line":116,"column":24}},"116":{"start":{"line":117,"column":0},"end":{"line":117,"column":6}},"117":{"start":{"line":118,"column":0},"end":{"line":118,"column":2}},"118":{"start":{"line":119,"column":0},"end":{"line":119,"column":29}},"119":{"start":{"line":120,"column":0},"end":{"line":120,"column":47}},"120":{"start":{"line":121,"column":0},"end":{"line":121,"column":38}},"121":{"start":{"line":122,"column":0},"end":{"line":122,"column":3}},"122":{"start":{"line":123,"column":0},"end":{"line":123,"column":3}},"123":{"start":{"line":124,"column":0},"end":{"line":124,"column":41}},"124":{"start":{"line":125,"column":0},"end":{"line":125,"column":4}},"125":{"start":{"line":126,"column":0},"end":{"line":126,"column":0}},"126":{"start":{"line":127,"column":0},"end":{"line":127,"column":73}},"127":{"start":{"line":128,"column":0},"end":{"line":128,"column":34}},"128":{"start":{"line":129,"column":0},"end":{"line":129,"column":0}},"129":{"start":{"line":130,"column":0},"end":{"line":130,"column":54}},"130":{"start":{"line":131,"column":0},"end":{"line":131,"column":46}},"131":{"start":{"line":132,"column":0},"end":{"line":132,"column":42}},"132":{"start":{"line":133,"column":0},"end":{"line":133,"column":26}},"133":{"start":{"line":134,"column":0},"end":{"line":134,"column":50}},"134":{"start":{"line":135,"column":0},"end":{"line":135,"column":4}},"135":{"start":{"line":136,"column":0},"end":{"line":136,"column":0}},"136":{"start":{"line":137,"column":0},"end":{"line":137,"column":47}},"137":{"start":{"line":138,"column":0},"end":{"line":138,"column":58}},"138":{"start":{"line":139,"column":0},"end":{"line":139,"column":52}},"139":{"start":{"line":140,"column":0},"end":{"line":140,"column":4}},"140":{"start":{"line":141,"column":0},"end":{"line":141,"column":38}},"141":{"start":{"line":142,"column":0},"end":{"line":142,"column":4}},"142":{"start":{"line":143,"column":0},"end":{"line":143,"column":0}},"143":{"start":{"line":144,"column":0},"end":{"line":144,"column":62}},"144":{"start":{"line":145,"column":0},"end":{"line":145,"column":75}},"145":{"start":{"line":146,"column":0},"end":{"line":146,"column":75}},"146":{"start":{"line":147,"column":0},"end":{"line":147,"column":75}},"147":{"start":{"line":148,"column":0},"end":{"line":148,"column":2}},"148":{"start":{"line":149,"column":0},"end":{"line":149,"column":58}},"149":{"start":{"line":150,"column":0},"end":{"line":150,"column":1}},"150":{"start":{"line":151,"column":0},"end":{"line":151,"column":0}},"151":{"start":{"line":152,"column":0},"end":{"line":152,"column":24}},"152":{"start":{"line":153,"column":0},"end":{"line":153,"column":30}},"153":{"start":{"line":154,"column":0},"end":{"line":154,"column":47}},"154":{"start":{"line":155,"column":0},"end":{"line":155,"column":1}}},"s":{"0":0,"1":0,"2":0,"3":0,"4":0,"5":0,"6":0,"7":0,"8":0,"9":0,"10":0,"11":0,"12":0,"13":0,"14":0,"15":0,"16":0,"17":0,"18":0,"19":0,"20":0,"21":0,"22":0,"23":0,"24":0,"25":0,"26":0,"27":0,"28":0,"29":0,"30":0,"31":0,"32":0,"33":0,"34":0,"35":0,"36":0,"37":0,"38":0,"39":0,"40":0,"41":0,"42":0,"43":0,"44":0,"45":0,"46":0,"47":0,"48":0,"49":0,"50":0,"51":0,"52":0,"53":0,"54":0,"55":0,"56":0,"57":0,"58":0,"59":0,"60":0,"61":0,"62":0,"63":0,"64":0,"65":0,"66":0,"67":0,"68":0,"69":0,"70":0,"71":0,"72":0,"73":0,"74":0,"75":0,"76":0,"77":0,"78":0,"79":0,"80":0,"81":0,"82":0,"83":0,"84":0,"85":0,"86":0,"87":0,"88":0,"89":0,"90":0,"91":0,"92":0,"93":0,"94":0,"95":0,"96":0,"97":0,"98":0,"99":0,"100":0,"101":0,"102":0,"103":0,"104":0,"105":0,"106":0,"107":0,"108":0,"109":0,"110":0,"111":0,"112":0,"113":0,"114":0,"115":0,"116":0,"117":0,"118":0,"119":0,"120":0,"121":0,"122":0,"123":0,"124":0,"125":0,"126":0,"127":0,"128":0,"129":0,"130":0,"131":0,"132":0,"133":0,"134":0,"135":0,"136":0,"137":0,"138":0,"139":0,"140":0,"141":0,"142":0,"143":0,"144":0,"145":0,"146":0,"147":0,"148":0,"149":0,"150":0,"151":0,"152":0,"153":0,"154":0},"branchMap":{"0":{"type":"branch","line":1,"loc":{"start":{"line":1,"column":4847},"end":{"line":155,"column":1}},"locations":[{"start":{"line":1,"column":4847},"end":{"line":155,"column":1}}]}},"b":{"0":[0]},"fnMap":{"0":{"name":"(empty-report)","decl":{"start":{"line":1,"column":4847},"end":{"line":155,"column":1}},"loc":{"start":{"line":1,"column":4847},"end":{"line":155,"column":1}},"line":1}},"f":{"0":0}}
,"/Users/Cody/code_projects/willow-design-system/packages/willow-cli/packages/generator/examples/template-usage-example.ts": {"path":"/Users/Cody/code_projects/willow-design-system/packages/willow-cli/packages/generator/examples/template-usage-example.ts","all":true,"statementMap":{"0":{"start":{"line":1,"column":0},"end":{"line":1,"column":3}},"1":{"start":{"line":2,"column":0},"end":{"line":2,"column":25}},"2":{"start":{"line":3,"column":0},"end":{"line":3,"column":71}},"3":{"start":{"line":4,"column":0},"end":{"line":4,"column":3}},"4":{"start":{"line":5,"column":0},"end":{"line":5,"column":0}},"5":{"start":{"line":6,"column":0},"end":{"line":6,"column":9}},"6":{"start":{"line":7,"column":0},"end":{"line":7,"column":20}},"7":{"start":{"line":8,"column":0},"end":{"line":8,"column":20}},"8":{"start":{"line":9,"column":0},"end":{"line":9,"column":13}},"9":{"start":{"line":10,"column":0},"end":{"line":10,"column":19}},"10":{"start":{"line":11,"column":0},"end":{"line":11,"column":21}},"11":{"start":{"line":12,"column":0},"end":{"line":12,"column":16}},"12":{"start":{"line":13,"column":0},"end":{"line":13,"column":16}},"13":{"start":{"line":14,"column":0},"end":{"line":14,"column":0}},"14":{"start":{"line":15,"column":0},"end":{"line":15,"column":43}},"15":{"start":{"line":16,"column":0},"end":{"line":16,"column":47}},"16":{"start":{"line":17,"column":0},"end":{"line":17,"column":42}},"17":{"start":{"line":18,"column":0},"end":{"line":18,"column":30}},"18":{"start":{"line":19,"column":0},"end":{"line":19,"column":2}},"19":{"start":{"line":20,"column":0},"end":{"line":20,"column":44}},"20":{"start":{"line":21,"column":0},"end":{"line":21,"column":38}},"21":{"start":{"line":22,"column":0},"end":{"line":22,"column":2}},"22":{"start":{"line":23,"column":0},"end":{"line":23,"column":26}},"23":{"start":{"line":24,"column":0},"end":{"line":24,"column":42}},"24":{"start":{"line":25,"column":0},"end":{"line":25,"column":29}},"25":{"start":{"line":26,"column":0},"end":{"line":26,"column":53}},"26":{"start":{"line":27,"column":0},"end":{"line":27,"column":28}},"27":{"start":{"line":28,"column":0},"end":{"line":28,"column":24}},"28":{"start":{"line":29,"column":0},"end":{"line":29,"column":4}},"29":{"start":{"line":30,"column":0},"end":{"line":30,"column":2}},"30":{"start":{"line":31,"column":0},"end":{"line":31,"column":59}},"31":{"start":{"line":32,"column":0},"end":{"line":32,"column":2}},"32":{"start":{"line":33,"column":0},"end":{"line":33,"column":42}},"33":{"start":{"line":34,"column":0},"end":{"line":34,"column":61}},"34":{"start":{"line":35,"column":0},"end":{"line":35,"column":2}},"35":{"start":{"line":36,"column":0},"end":{"line":36,"column":61}},"36":{"start":{"line":37,"column":0},"end":{"line":37,"column":33}},"37":{"start":{"line":38,"column":0},"end":{"line":38,"column":5}},"38":{"start":{"line":39,"column":0},"end":{"line":39,"column":35}},"39":{"start":{"line":40,"column":0},"end":{"line":40,"column":14}},"40":{"start":{"line":41,"column":0},"end":{"line":41,"column":56}},"41":{"start":{"line":42,"column":0},"end":{"line":42,"column":63}},"42":{"start":{"line":43,"column":0},"end":{"line":43,"column":8}},"43":{"start":{"line":44,"column":0},"end":{"line":44,"column":21}},"44":{"start":{"line":45,"column":0},"end":{"line":45,"column":22}},"45":{"start":{"line":46,"column":0},"end":{"line":46,"column":26}},"46":{"start":{"line":47,"column":0},"end":{"line":47,"column":27}},"47":{"start":{"line":48,"column":0},"end":{"line":48,"column":6}},"48":{"start":{"line":49,"column":0},"end":{"line":49,"column":32}},"49":{"start":{"line":50,"column":0},"end":{"line":50,"column":4}},"50":{"start":{"line":51,"column":0},"end":{"line":51,"column":2}},"51":{"start":{"line":52,"column":0},"end":{"line":52,"column":66}},"52":{"start":{"line":53,"column":0},"end":{"line":53,"column":49}},"53":{"start":{"line":54,"column":0},"end":{"line":54,"column":67}},"54":{"start":{"line":55,"column":0},"end":{"line":55,"column":16}},"55":{"start":{"line":56,"column":0},"end":{"line":56,"column":4}},"56":{"start":{"line":57,"column":0},"end":{"line":57,"column":2}},"57":{"start":{"line":58,"column":0},"end":{"line":58,"column":50}},"58":{"start":{"line":59,"column":0},"end":{"line":59,"column":45}},"59":{"start":{"line":60,"column":0},"end":{"line":60,"column":2}},"60":{"start":{"line":61,"column":0},"end":{"line":61,"column":44}},"61":{"start":{"line":62,"column":0},"end":{"line":62,"column":54}},"62":{"start":{"line":63,"column":0},"end":{"line":63,"column":2}},"63":{"start":{"line":64,"column":0},"end":{"line":64,"column":51}},"64":{"start":{"line":65,"column":0},"end":{"line":65,"column":24}},"65":{"start":{"line":66,"column":0},"end":{"line":66,"column":5}},"66":{"start":{"line":67,"column":0},"end":{"line":67,"column":30}},"67":{"start":{"line":68,"column":0},"end":{"line":68,"column":19}},"68":{"start":{"line":69,"column":0},"end":{"line":69,"column":60}},"69":{"start":{"line":70,"column":0},"end":{"line":70,"column":66}},"70":{"start":{"line":71,"column":0},"end":{"line":71,"column":8}},"71":{"start":{"line":72,"column":0},"end":{"line":72,"column":81}},"72":{"start":{"line":73,"column":0},"end":{"line":73,"column":61}},"73":{"start":{"line":74,"column":0},"end":{"line":74,"column":62}},"74":{"start":{"line":75,"column":0},"end":{"line":75,"column":6}},"75":{"start":{"line":76,"column":0},"end":{"line":76,"column":26}},"76":{"start":{"line":77,"column":0},"end":{"line":77,"column":4}},"77":{"start":{"line":78,"column":0},"end":{"line":78,"column":2}},"78":{"start":{"line":79,"column":0},"end":{"line":79,"column":55}},"79":{"start":{"line":80,"column":0},"end":{"line":80,"column":48}},"80":{"start":{"line":81,"column":0},"end":{"line":81,"column":56}},"81":{"start":{"line":82,"column":0},"end":{"line":82,"column":16}},"82":{"start":{"line":83,"column":0},"end":{"line":83,"column":4}},"83":{"start":{"line":84,"column":0},"end":{"line":84,"column":2}},"84":{"start":{"line":85,"column":0},"end":{"line":85,"column":49}},"85":{"start":{"line":86,"column":0},"end":{"line":86,"column":2}},"86":{"start":{"line":87,"column":0},"end":{"line":87,"column":40}},"87":{"start":{"line":88,"column":0},"end":{"line":88,"column":66}},"88":{"start":{"line":89,"column":0},"end":{"line":89,"column":2}},"89":{"start":{"line":90,"column":0},"end":{"line":90,"column":59}},"90":{"start":{"line":91,"column":0},"end":{"line":91,"column":32}},"91":{"start":{"line":92,"column":0},"end":{"line":92,"column":5}},"92":{"start":{"line":93,"column":0},"end":{"line":93,"column":32}},"93":{"start":{"line":94,"column":0},"end":{"line":94,"column":14}},"94":{"start":{"line":95,"column":0},"end":{"line":95,"column":59}},"95":{"start":{"line":96,"column":0},"end":{"line":96,"column":62}},"96":{"start":{"line":97,"column":0},"end":{"line":97,"column":8}},"97":{"start":{"line":98,"column":0},"end":{"line":98,"column":14}},"98":{"start":{"line":99,"column":0},"end":{"line":99,"column":60}},"99":{"start":{"line":100,"column":0},"end":{"line":100,"column":58}},"100":{"start":{"line":101,"column":0},"end":{"line":101,"column":8}},"101":{"start":{"line":102,"column":0},"end":{"line":102,"column":22}},"102":{"start":{"line":103,"column":0},"end":{"line":103,"column":22}},"103":{"start":{"line":104,"column":0},"end":{"line":104,"column":24}},"104":{"start":{"line":105,"column":0},"end":{"line":105,"column":6}},"105":{"start":{"line":106,"column":0},"end":{"line":106,"column":29}},"106":{"start":{"line":107,"column":0},"end":{"line":107,"column":4}},"107":{"start":{"line":108,"column":0},"end":{"line":108,"column":2}},"108":{"start":{"line":109,"column":0},"end":{"line":109,"column":62}},"109":{"start":{"line":110,"column":0},"end":{"line":110,"column":47}},"110":{"start":{"line":111,"column":0},"end":{"line":111,"column":63}},"111":{"start":{"line":112,"column":0},"end":{"line":112,"column":16}},"112":{"start":{"line":113,"column":0},"end":{"line":113,"column":4}},"113":{"start":{"line":114,"column":0},"end":{"line":114,"column":2}},"114":{"start":{"line":115,"column":0},"end":{"line":115,"column":48}},"115":{"start":{"line":116,"column":0},"end":{"line":116,"column":2}},"116":{"start":{"line":117,"column":0},"end":{"line":117,"column":45}},"117":{"start":{"line":118,"column":0},"end":{"line":118,"column":54}},"118":{"start":{"line":119,"column":0},"end":{"line":119,"column":2}},"119":{"start":{"line":120,"column":0},"end":{"line":120,"column":63}},"120":{"start":{"line":121,"column":0},"end":{"line":121,"column":24}},"121":{"start":{"line":122,"column":0},"end":{"line":122,"column":5}},"122":{"start":{"line":123,"column":0},"end":{"line":123,"column":39}},"123":{"start":{"line":124,"column":0},"end":{"line":124,"column":39}},"124":{"start":{"line":125,"column":0},"end":{"line":125,"column":15}},"125":{"start":{"line":126,"column":0},"end":{"line":126,"column":59}},"126":{"start":{"line":127,"column":0},"end":{"line":127,"column":62}},"127":{"start":{"line":128,"column":0},"end":{"line":128,"column":88}},"128":{"start":{"line":129,"column":0},"end":{"line":129,"column":8}},"129":{"start":{"line":130,"column":0},"end":{"line":130,"column":16}},"130":{"start":{"line":131,"column":0},"end":{"line":131,"column":42}},"131":{"start":{"line":132,"column":0},"end":{"line":132,"column":52}},"132":{"start":{"line":133,"column":0},"end":{"line":133,"column":8}},"133":{"start":{"line":134,"column":0},"end":{"line":134,"column":17}},"134":{"start":{"line":135,"column":0},"end":{"line":135,"column":69}},"135":{"start":{"line":136,"column":0},"end":{"line":136,"column":71}},"136":{"start":{"line":137,"column":0},"end":{"line":137,"column":8}},"137":{"start":{"line":138,"column":0},"end":{"line":138,"column":23}},"138":{"start":{"line":139,"column":0},"end":{"line":139,"column":32}},"139":{"start":{"line":140,"column":0},"end":{"line":140,"column":22}},"140":{"start":{"line":141,"column":0},"end":{"line":141,"column":41}},"141":{"start":{"line":142,"column":0},"end":{"line":142,"column":6}},"142":{"start":{"line":143,"column":0},"end":{"line":143,"column":43}},"143":{"start":{"line":144,"column":0},"end":{"line":144,"column":4}},"144":{"start":{"line":145,"column":0},"end":{"line":145,"column":2}},"145":{"start":{"line":146,"column":0},"end":{"line":146,"column":70}},"146":{"start":{"line":147,"column":0},"end":{"line":147,"column":51}},"147":{"start":{"line":148,"column":0},"end":{"line":148,"column":71}},"148":{"start":{"line":149,"column":0},"end":{"line":149,"column":16}},"149":{"start":{"line":150,"column":0},"end":{"line":150,"column":4}},"150":{"start":{"line":151,"column":0},"end":{"line":151,"column":2}},"151":{"start":{"line":152,"column":0},"end":{"line":152,"column":52}},"152":{"start":{"line":153,"column":0},"end":{"line":153,"column":2}},"153":{"start":{"line":154,"column":0},"end":{"line":154,"column":35}},"154":{"start":{"line":155,"column":0},"end":{"line":155,"column":47}},"155":{"start":{"line":156,"column":0},"end":{"line":156,"column":2}},"156":{"start":{"line":157,"column":0},"end":{"line":157,"column":51}},"157":{"start":{"line":158,"column":0},"end":{"line":158,"column":23}},"158":{"start":{"line":159,"column":0},"end":{"line":159,"column":5}},"159":{"start":{"line":160,"column":0},"end":{"line":160,"column":40}},"160":{"start":{"line":161,"column":0},"end":{"line":161,"column":30}},"161":{"start":{"line":162,"column":0},"end":{"line":162,"column":46}},"162":{"start":{"line":163,"column":0},"end":{"line":163,"column":51}},"163":{"start":{"line":164,"column":0},"end":{"line":164,"column":18}},"164":{"start":{"line":165,"column":0},"end":{"line":165,"column":9}},"165":{"start":{"line":166,"column":0},"end":{"line":166,"column":28}},"166":{"start":{"line":167,"column":0},"end":{"line":167,"column":66}},"167":{"start":{"line":168,"column":0},"end":{"line":168,"column":92}},"168":{"start":{"line":169,"column":0},"end":{"line":169,"column":54}},"169":{"start":{"line":170,"column":0},"end":{"line":170,"column":78}},"170":{"start":{"line":171,"column":0},"end":{"line":171,"column":10}},"171":{"start":{"line":172,"column":0},"end":{"line":172,"column":9}},"172":{"start":{"line":173,"column":0},"end":{"line":173,"column":31}},"173":{"start":{"line":174,"column":0},"end":{"line":174,"column":72}},"174":{"start":{"line":175,"column":0},"end":{"line":175,"column":22}},"175":{"start":{"line":176,"column":0},"end":{"line":176,"column":90}},"176":{"start":{"line":177,"column":0},"end":{"line":177,"column":173}},"177":{"start":{"line":178,"column":0},"end":{"line":178,"column":59}},"178":{"start":{"line":179,"column":0},"end":{"line":179,"column":10}},"179":{"start":{"line":180,"column":0},"end":{"line":180,"column":8}},"180":{"start":{"line":181,"column":0},"end":{"line":181,"column":6}},"181":{"start":{"line":182,"column":0},"end":{"line":182,"column":47}},"182":{"start":{"line":183,"column":0},"end":{"line":183,"column":4}},"183":{"start":{"line":184,"column":0},"end":{"line":184,"column":2}},"184":{"start":{"line":185,"column":0},"end":{"line":185,"column":55}},"185":{"start":{"line":186,"column":0},"end":{"line":186,"column":48}},"186":{"start":{"line":187,"column":0},"end":{"line":187,"column":56}},"187":{"start":{"line":188,"column":0},"end":{"line":188,"column":16}},"188":{"start":{"line":189,"column":0},"end":{"line":189,"column":4}},"189":{"start":{"line":190,"column":0},"end":{"line":190,"column":2}},"190":{"start":{"line":191,"column":0},"end":{"line":191,"column":49}},"191":{"start":{"line":192,"column":0},"end":{"line":192,"column":2}},"192":{"start":{"line":193,"column":0},"end":{"line":193,"column":36}},"193":{"start":{"line":194,"column":0},"end":{"line":194,"column":47}},"194":{"start":{"line":195,"column":0},"end":{"line":195,"column":2}},"195":{"start":{"line":196,"column":0},"end":{"line":196,"column":50}},"196":{"start":{"line":197,"column":0},"end":{"line":197,"column":24}},"197":{"start":{"line":198,"column":0},"end":{"line":198,"column":5}},"198":{"start":{"line":199,"column":0},"end":{"line":199,"column":35}},"199":{"start":{"line":200,"column":0},"end":{"line":200,"column":30}},"200":{"start":{"line":201,"column":0},"end":{"line":201,"column":30}},"201":{"start":{"line":202,"column":0},"end":{"line":202,"column":26}},"202":{"start":{"line":203,"column":0},"end":{"line":203,"column":19}},"203":{"start":{"line":204,"column":0},"end":{"line":204,"column":47}},"204":{"start":{"line":205,"column":0},"end":{"line":205,"column":69}},"205":{"start":{"line":206,"column":0},"end":{"line":206,"column":8}},"206":{"start":{"line":207,"column":0},"end":{"line":207,"column":6}},"207":{"start":{"line":208,"column":0},"end":{"line":208,"column":39}},"208":{"start":{"line":209,"column":0},"end":{"line":209,"column":4}},"209":{"start":{"line":210,"column":0},"end":{"line":210,"column":2}},"210":{"start":{"line":211,"column":0},"end":{"line":211,"column":53}},"211":{"start":{"line":212,"column":0},"end":{"line":212,"column":47}},"212":{"start":{"line":213,"column":0},"end":{"line":213,"column":54}},"213":{"start":{"line":214,"column":0},"end":{"line":214,"column":16}},"214":{"start":{"line":215,"column":0},"end":{"line":215,"column":4}},"215":{"start":{"line":216,"column":0},"end":{"line":216,"column":2}},"216":{"start":{"line":217,"column":0},"end":{"line":217,"column":48}},"217":{"start":{"line":218,"column":0},"end":{"line":218,"column":2}},"218":{"start":{"line":219,"column":0},"end":{"line":219,"column":49}},"219":{"start":{"line":220,"column":0},"end":{"line":220,"column":56}},"220":{"start":{"line":221,"column":0},"end":{"line":221,"column":2}},"221":{"start":{"line":222,"column":0},"end":{"line":222,"column":66}},"222":{"start":{"line":223,"column":0},"end":{"line":223,"column":2}},"223":{"start":{"line":224,"column":0},"end":{"line":224,"column":78}},"224":{"start":{"line":225,"column":0},"end":{"line":225,"column":49}},"225":{"start":{"line":226,"column":0},"end":{"line":226,"column":35}},"226":{"start":{"line":227,"column":0},"end":{"line":227,"column":59}},"227":{"start":{"line":228,"column":0},"end":{"line":228,"column":49}},"228":{"start":{"line":229,"column":0},"end":{"line":229,"column":7}},"229":{"start":{"line":230,"column":0},"end":{"line":230,"column":3}},"230":{"start":{"line":231,"column":0},"end":{"line":231,"column":2}},"231":{"start":{"line":232,"column":0},"end":{"line":232,"column":42}},"232":{"start":{"line":233,"column":0},"end":{"line":233,"column":64}},"233":{"start":{"line":234,"column":0},"end":{"line":234,"column":2}},"234":{"start":{"line":235,"column":0},"end":{"line":235,"column":47}},"235":{"start":{"line":236,"column":0},"end":{"line":236,"column":26}},"236":{"start":{"line":237,"column":0},"end":{"line":237,"column":27}},"237":{"start":{"line":238,"column":0},"end":{"line":238,"column":5}},"238":{"start":{"line":239,"column":0},"end":{"line":239,"column":2}},"239":{"start":{"line":240,"column":0},"end":{"line":240,"column":78}},"240":{"start":{"line":241,"column":0},"end":{"line":241,"column":36}},"241":{"start":{"line":242,"column":0},"end":{"line":242,"column":64}},"242":{"start":{"line":243,"column":0},"end":{"line":243,"column":5}},"243":{"start":{"line":244,"column":0},"end":{"line":244,"column":2}},"244":{"start":{"line":245,"column":0},"end":{"line":245,"column":32}},"245":{"start":{"line":246,"column":0},"end":{"line":246,"column":57}},"246":{"start":{"line":247,"column":0},"end":{"line":247,"column":2}},"247":{"start":{"line":248,"column":0},"end":{"line":248,"column":24}},"248":{"start":{"line":249,"column":0},"end":{"line":249,"column":21}},"249":{"start":{"line":250,"column":0},"end":{"line":250,"column":5}},"250":{"start":{"line":251,"column":0},"end":{"line":251,"column":47}},"251":{"start":{"line":252,"column":0},"end":{"line":252,"column":18}},"252":{"start":{"line":253,"column":0},"end":{"line":253,"column":34}},"253":{"start":{"line":254,"column":0},"end":{"line":254,"column":16}},"254":{"start":{"line":255,"column":0},"end":{"line":255,"column":58}},"255":{"start":{"line":256,"column":0},"end":{"line":256,"column":78}},"256":{"start":{"line":257,"column":0},"end":{"line":257,"column":78}},"257":{"start":{"line":258,"column":0},"end":{"line":258,"column":10}},"258":{"start":{"line":259,"column":0},"end":{"line":259,"column":24}},"259":{"start":{"line":260,"column":0},"end":{"line":260,"column":31}},"260":{"start":{"line":261,"column":0},"end":{"line":261,"column":8}},"261":{"start":{"line":262,"column":0},"end":{"line":262,"column":53}},"262":{"start":{"line":263,"column":0},"end":{"line":263,"column":6}},"263":{"start":{"line":264,"column":0},"end":{"line":264,"column":23}},"264":{"start":{"line":265,"column":0},"end":{"line":265,"column":5}},"265":{"start":{"line":266,"column":0},"end":{"line":266,"column":38}},"266":{"start":{"line":267,"column":0},"end":{"line":267,"column":18}},"267":{"start":{"line":268,"column":0},"end":{"line":268,"column":34}},"268":{"start":{"line":269,"column":0},"end":{"line":269,"column":32}},"269":{"start":{"line":270,"column":0},"end":{"line":270,"column":29}},"270":{"start":{"line":271,"column":0},"end":{"line":271,"column":8}},"271":{"start":{"line":272,"column":0},"end":{"line":272,"column":60}},"272":{"start":{"line":273,"column":0},"end":{"line":273,"column":6}},"273":{"start":{"line":274,"column":0},"end":{"line":274,"column":22}},"274":{"start":{"line":275,"column":0},"end":{"line":275,"column":5}},"275":{"start":{"line":276,"column":0},"end":{"line":276,"column":37}},"276":{"start":{"line":277,"column":0},"end":{"line":277,"column":18}},"277":{"start":{"line":278,"column":0},"end":{"line":278,"column":29}},"278":{"start":{"line":279,"column":0},"end":{"line":279,"column":32}},"279":{"start":{"line":280,"column":0},"end":{"line":280,"column":33}},"280":{"start":{"line":281,"column":0},"end":{"line":281,"column":30}},"281":{"start":{"line":282,"column":0},"end":{"line":282,"column":8}},"282":{"start":{"line":283,"column":0},"end":{"line":283,"column":58}},"283":{"start":{"line":284,"column":0},"end":{"line":284,"column":6}},"284":{"start":{"line":285,"column":0},"end":{"line":285,"column":4}},"285":{"start":{"line":286,"column":0},"end":{"line":286,"column":2}},"286":{"start":{"line":287,"column":0},"end":{"line":287,"column":41}},"287":{"start":{"line":288,"column":0},"end":{"line":288,"column":38}},"288":{"start":{"line":289,"column":0},"end":{"line":289,"column":59}},"289":{"start":{"line":290,"column":0},"end":{"line":290,"column":26}},"290":{"start":{"line":291,"column":0},"end":{"line":291,"column":25}},"291":{"start":{"line":292,"column":0},"end":{"line":292,"column":25}},"292":{"start":{"line":293,"column":0},"end":{"line":293,"column":8}},"293":{"start":{"line":294,"column":0},"end":{"line":294,"column":59}},"294":{"start":{"line":295,"column":0},"end":{"line":295,"column":34}},"295":{"start":{"line":296,"column":0},"end":{"line":296,"column":46}},"296":{"start":{"line":297,"column":0},"end":{"line":297,"column":20}},"297":{"start":{"line":298,"column":0},"end":{"line":298,"column":8}},"298":{"start":{"line":299,"column":0},"end":{"line":299,"column":6}},"299":{"start":{"line":300,"column":0},"end":{"line":300,"column":4}},"300":{"start":{"line":301,"column":0},"end":{"line":301,"column":2}},"301":{"start":{"line":302,"column":0},"end":{"line":302,"column":44}},"302":{"start":{"line":303,"column":0},"end":{"line":303,"column":34}},"303":{"start":{"line":304,"column":0},"end":{"line":304,"column":61}},"304":{"start":{"line":305,"column":0},"end":{"line":305,"column":5}},"305":{"start":{"line":306,"column":0},"end":{"line":306,"column":2}},"306":{"start":{"line":307,"column":0},"end":{"line":307,"column":56}},"307":{"start":{"line":308,"column":0},"end":{"line":308,"column":1}},"308":{"start":{"line":309,"column":0},"end":{"line":309,"column":0}},"309":{"start":{"line":310,"column":0},"end":{"line":310,"column":24}},"310":{"start":{"line":311,"column":0},"end":{"line":311,"column":30}},"311":{"start":{"line":312,"column":0},"end":{"line":312,"column":50}},"312":{"start":{"line":313,"column":0},"end":{"line":313,"column":1}}},"s":{"0":0,"1":0,"2":0,"3":0,"4":0,"5":0,"6":0,"7":0,"8":0,"9":0,"10":0,"11":0,"12":0,"13":0,"14":0,"15":0,"16":0,"17":0,"18":0,"19":0,"20":0,"21":0,"22":0,"23":0,"24":0,"25":0,"26":0,"27":0,"28":0,"29":0,"30":0,"31":0,"32":0,"33":0,"34":0,"35":0,"36":0,"37":0,"38":0,"39":0,"40":0,"41":0,"42":0,"43":0,"44":0,"45":0,"46":0,"47":0,"48":0,"49":0,"50":0,"51":0,"52":0,"53":0,"54":0,"55":0,"56":0,"57":0,"58":0,"59":0,"60":0,"61":0,"62":0,"63":0,"64":0,"65":0,"66":0,"67":0,"68":0,"69":0,"70":0,"71":0,"72":0,"73":0,"74":0,"75":0,"76":0,"77":0,"78":0,"79":0,"80":0,"81":0,"82":0,"83":0,"84":0,"85":0,"86":0,"87":0,"88":0,"89":0,"90":0,"91":0,"92":0,"93":0,"94":0,"95":0,"96":0,"97":0,"98":0,"99":0,"100":0,"101":0,"102":0,"103":0,"104":0,"105":0,"106":0,"107":0,"108":0,"109":0,"110":0,"111":0,"112":0,"113":0,"114":0,"115":0,"116":0,"117":0,"118":0,"119":0,"120":0,"121":0,"122":0,"123":0,"124":0,"125":0,"126":0,"127":0,"128":0,"129":0,"130":0,"131":0,"132":0,"133":0,"134":0,"135":0,"136":0,"137":0,"138":0,"139":0,"140":0,"141":0,"142":0,"143":0,"144":0,"145":0,"146":0,"147":0,"148":0,"149":0,"150":0,"151":0,"152":0,"153":0,"154":0,"155":0,"156":0,"157":0,"158":0,"159":0,"160":0,"161":0,"162":0,"163":0,"164":0,"165":0,"166":0,"167":0,"168":0,"169":0,"170":0,"171":0,"172":0,"173":0,"174":0,"175":0,"176":0,"177":0,"178":0,"179":0,"180":0,"181":0,"182":0,"183":0,"184":0,"185":0,"186":0,"187":0,"188":0,"189":0,"190":0,"191":0,"192":0,"193":0,"194":0,"195":0,"196":0,"197":0,"198":0,"199":0,"200":0,"201":0,"202":0,"203":0,"204":0,"205":0,"206":0,"207":0,"208":0,"209":0,"210":0,"211":0,"212":0,"213":0,"214":0,"215":0,"216":0,"217":0,"218":0,"219":0,"220":0,"221":0,"222":0,"223":0,"224":0,"225":0,"226":0,"227":0,"228":0,"229":0,"230":0,"231":0,"232":0,"233":0,"234":0,"235":0,"236":0,"237":0,"238":0,"239":0,"240":0,"241":0,"242":0,"243":0,"244":0,"245":0,"246":0,"247":0,"248":0,"249":0,"250":0,"251":0,"252":0,"253":0,"254":0,"255":0,"256":0,"257":0,"258":0,"259":0,"260":0,"261":0,"262":0,"263":0,"264":0,"265":0,"266":0,"267":0,"268":0,"269":0,"270":0,"271":0,"272":0,"273":0,"274":0,"275":0,"276":0,"277":0,"278":0,"279":0,"280":0,"281":0,"282":0,"283":0,"284":0,"285":0,"286":0,"287":0,"288":0,"289":0,"290":0,"291":0,"292":0,"293":0,"294":0,"295":0,"296":0,"297":0,"298":0,"299":0,"300":0,"301":0,"302":0,"303":0,"304":0,"305":0,"306":0,"307":0,"308":0,"309":0,"310":0,"311":0,"312":0},"branchMap":{"0":{"type":"branch","line":1,"loc":{"start":{"line":1,"column":9682},"end":{"line":313,"column":1}},"locations":[{"start":{"line":1,"column":9682},"end":{"line":313,"column":1}}]}},"b":{"0":[0]},"fnMap":{"0":{"name":"(empty-report)","decl":{"start":{"line":1,"column":9682},"end":{"line":313,"column":1}},"loc":{"start":{"line":1,"column":9682},"end":{"line":313,"column":1}},"line":1}},"f":{"0":0}}
,"/Users/Cody/code_projects/willow-design-system/packages/willow-cli/packages/generator/src/ast-to-code-converter.ts": {"path":"/Users/Cody/code_projects/willow-design-system/packages/willow-cli/packages/generator/src/ast-to-code-converter.ts","all":false,"statementMap":{"0":{"start":{"line":1,"column":0},"end":{"line":1,"column":3}},"1":{"start":{"line":2,"column":0},"end":{"line":2,"column":24}},"2":{"start":{"line":3,"column":0},"end":{"line":3,"column":52}},"3":{"start":{"line":4,"column":0},"end":{"line":4,"column":3}},"4":{"start":{"line":5,"column":0},"end":{"line":5,"column":0}},"5":{"start":{"line":6,"column":0},"end":{"line":6,"column":33}},"6":{"start":{"line":7,"column":0},"end":{"line":7,"column":8}},"7":{"start":{"line":8,"column":0},"end":{"line":8,"column":23}},"8":{"start":{"line":9,"column":0},"end":{"line":9,"column":23}},"9":{"start":{"line":10,"column":0},"end":{"line":10,"column":21}},"10":{"start":{"line":11,"column":0},"end":{"line":11,"column":22}},"11":{"start":{"line":12,"column":0},"end":{"line":12,"column":15}},"12":{"start":{"line":13,"column":0},"end":{"line":13,"column":17}},"13":{"start":{"line":14,"column":0},"end":{"line":14,"column":0}},"14":{"start":{"line":15,"column":0},"end":{"line":15,"column":64}},"15":{"start":{"line":16,"column":0},"end":{"line":16,"column":30}},"16":{"start":{"line":17,"column":0},"end":{"line":17,"column":50}},"17":{"start":{"line":18,"column":0},"end":{"line":18,"column":36}},"18":{"start":{"line":19,"column":0},"end":{"line":19,"column":27}},"19":{"start":{"line":20,"column":0},"end":{"line":20,"column":22}},"20":{"start":{"line":21,"column":0},"end":{"line":21,"column":35}},"21":{"start":{"line":22,"column":0},"end":{"line":22,"column":33}},"22":{"start":{"line":23,"column":0},"end":{"line":23,"column":4}},"23":{"start":{"line":24,"column":0},"end":{"line":24,"column":0}},"24":{"start":{"line":25,"column":0},"end":{"line":25,"column":64}},"25":{"start":{"line":26,"column":0},"end":{"line":26,"column":65}},"26":{"start":{"line":27,"column":0},"end":{"line":27,"column":4}},"27":{"start":{"line":28,"column":0},"end":{"line":28,"column":41}},"28":{"start":{"line":29,"column":0},"end":{"line":29,"column":37}},"29":{"start":{"line":30,"column":0},"end":{"line":30,"column":39}},"30":{"start":{"line":31,"column":0},"end":{"line":31,"column":54}},"31":{"start":{"line":32,"column":0},"end":{"line":32,"column":35}},"32":{"start":{"line":33,"column":0},"end":{"line":33,"column":36}},"33":{"start":{"line":34,"column":0},"end":{"line":34,"column":7}},"34":{"start":{"line":35,"column":0},"end":{"line":35,"column":3}},"35":{"start":{"line":36,"column":0},"end":{"line":36,"column":0}},"36":{"start":{"line":37,"column":0},"end":{"line":37,"column":5}},"37":{"start":{"line":38,"column":0},"end":{"line":38,"column":31}},"38":{"start":{"line":39,"column":0},"end":{"line":39,"column":5}},"39":{"start":{"line":40,"column":0},"end":{"line":40,"column":10}},"40":{"start":{"line":41,"column":0},"end":{"line":41,"column":30}},"41":{"start":{"line":42,"column":0},"end":{"line":42,"column":34}},"42":{"start":{"line":43,"column":0},"end":{"line":43,"column":27}},"43":{"start":{"line":44,"column":0},"end":{"line":44,"column":33}},"44":{"start":{"line":45,"column":0},"end":{"line":45,"column":82}},"45":{"start":{"line":46,"column":0},"end":{"line":46,"column":4}},"46":{"start":{"line":47,"column":0},"end":{"line":47,"column":70}},"47":{"start":{"line":48,"column":0},"end":{"line":48,"column":79}},"48":{"start":{"line":49,"column":0},"end":{"line":49,"column":4}},"49":{"start":{"line":50,"column":0},"end":{"line":50,"column":24}},"50":{"start":{"line":51,"column":0},"end":{"line":51,"column":58}},"51":{"start":{"line":52,"column":0},"end":{"line":52,"column":4}},"52":{"start":{"line":53,"column":0},"end":{"line":53,"column":44}},"53":{"start":{"line":54,"column":0},"end":{"line":54,"column":79}},"54":{"start":{"line":55,"column":0},"end":{"line":55,"column":4}},"55":{"start":{"line":56,"column":0},"end":{"line":56,"column":39}},"56":{"start":{"line":57,"column":0},"end":{"line":57,"column":46}},"57":{"start":{"line":58,"column":0},"end":{"line":58,"column":60}},"58":{"start":{"line":59,"column":0},"end":{"line":59,"column":18}},"59":{"start":{"line":60,"column":0},"end":{"line":60,"column":4}},"60":{"start":{"line":61,"column":0},"end":{"line":61,"column":33}},"61":{"start":{"line":62,"column":0},"end":{"line":62,"column":82}},"62":{"start":{"line":63,"column":0},"end":{"line":63,"column":4}},"63":{"start":{"line":64,"column":0},"end":{"line":64,"column":26}},"64":{"start":{"line":65,"column":0},"end":{"line":65,"column":66}},"65":{"start":{"line":66,"column":0},"end":{"line":66,"column":4}},"66":{"start":{"line":67,"column":0},"end":{"line":67,"column":22}},"67":{"start":{"line":68,"column":0},"end":{"line":68,"column":42}},"68":{"start":{"line":69,"column":0},"end":{"line":69,"column":28}},"69":{"start":{"line":70,"column":0},"end":{"line":70,"column":23}},"70":{"start":{"line":71,"column":0},"end":{"line":71,"column":38}},"71":{"start":{"line":72,"column":0},"end":{"line":72,"column":45}},"72":{"start":{"line":73,"column":0},"end":{"line":73,"column":39}},"73":{"start":{"line":74,"column":0},"end":{"line":74,"column":35}},"74":{"start":{"line":75,"column":0},"end":{"line":75,"column":6}},"75":{"start":{"line":76,"column":0},"end":{"line":76,"column":4}},"76":{"start":{"line":77,"column":0},"end":{"line":77,"column":12}},"77":{"start":{"line":78,"column":0},"end":{"line":78,"column":26}},"78":{"start":{"line":79,"column":0},"end":{"line":79,"column":16}},"79":{"start":{"line":80,"column":0},"end":{"line":80,"column":15}},"80":{"start":{"line":81,"column":0},"end":{"line":81,"column":18}},"81":{"start":{"line":82,"column":0},"end":{"line":82,"column":15}},"82":{"start":{"line":83,"column":0},"end":{"line":83,"column":6}},"83":{"start":{"line":84,"column":0},"end":{"line":84,"column":3}},"84":{"start":{"line":85,"column":0},"end":{"line":85,"column":0}},"85":{"start":{"line":86,"column":0},"end":{"line":86,"column":5}},"86":{"start":{"line":87,"column":0},"end":{"line":87,"column":36}},"87":{"start":{"line":88,"column":0},"end":{"line":88,"column":5}},"88":{"start":{"line":89,"column":0},"end":{"line":89,"column":14}},"89":{"start":{"line":90,"column":0},"end":{"line":90,"column":18}},"90":{"start":{"line":91,"column":0},"end":{"line":91,"column":34}},"91":{"start":{"line":92,"column":0},"end":{"line":92,"column":13}},"92":{"start":{"line":93,"column":0},"end":{"line":93,"column":82}},"93":{"start":{"line":94,"column":0},"end":{"line":94,"column":4}},"94":{"start":{"line":95,"column":0},"end":{"line":95,"column":56}},"95":{"start":{"line":96,"column":0},"end":{"line":96,"column":48}},"96":{"start":{"line":97,"column":0},"end":{"line":97,"column":4}},"97":{"start":{"line":98,"column":0},"end":{"line":98,"column":80}},"98":{"start":{"line":99,"column":0},"end":{"line":99,"column":75}},"99":{"start":{"line":100,"column":0},"end":{"line":100,"column":58}},"100":{"start":{"line":101,"column":0},"end":{"line":101,"column":5}},"101":{"start":{"line":102,"column":0},"end":{"line":102,"column":4}},"102":{"start":{"line":103,"column":0},"end":{"line":103,"column":21}},"103":{"start":{"line":104,"column":0},"end":{"line":104,"column":38}},"104":{"start":{"line":105,"column":0},"end":{"line":105,"column":30}},"105":{"start":{"line":106,"column":0},"end":{"line":106,"column":11}},"106":{"start":{"line":107,"column":0},"end":{"line":107,"column":16}},"107":{"start":{"line":108,"column":0},"end":{"line":108,"column":6}},"108":{"start":{"line":109,"column":0},"end":{"line":109,"column":4}},"109":{"start":{"line":110,"column":0},"end":{"line":110,"column":44}},"110":{"start":{"line":111,"column":0},"end":{"line":111,"column":64}},"111":{"start":{"line":112,"column":0},"end":{"line":112,"column":4}},"112":{"start":{"line":113,"column":0},"end":{"line":113,"column":16}},"113":{"start":{"line":114,"column":0},"end":{"line":114,"column":3}},"114":{"start":{"line":115,"column":0},"end":{"line":115,"column":0}},"115":{"start":{"line":116,"column":0},"end":{"line":116,"column":5}},"116":{"start":{"line":117,"column":0},"end":{"line":117,"column":40}},"117":{"start":{"line":118,"column":0},"end":{"line":118,"column":5}},"118":{"start":{"line":119,"column":0},"end":{"line":119,"column":15}},"119":{"start":{"line":120,"column":0},"end":{"line":120,"column":33}},"120":{"start":{"line":121,"column":0},"end":{"line":121,"column":34}},"121":{"start":{"line":122,"column":0},"end":{"line":122,"column":29}},"122":{"start":{"line":123,"column":0},"end":{"line":123,"column":76}},"123":{"start":{"line":124,"column":0},"end":{"line":124,"column":3}},"124":{"start":{"line":125,"column":0},"end":{"line":125,"column":0}},"125":{"start":{"line":126,"column":0},"end":{"line":126,"column":5}},"126":{"start":{"line":127,"column":0},"end":{"line":127,"column":53}},"127":{"start":{"line":128,"column":0},"end":{"line":128,"column":5}},"128":{"start":{"line":129,"column":0},"end":{"line":129,"column":28}},"129":{"start":{"line":130,"column":0},"end":{"line":130,"column":30}},"130":{"start":{"line":131,"column":0},"end":{"line":131,"column":33}},"131":{"start":{"line":132,"column":0},"end":{"line":132,"column":20}},"132":{"start":{"line":133,"column":0},"end":{"line":133,"column":69}},"133":{"start":{"line":134,"column":0},"end":{"line":134,"column":69}},"134":{"start":{"line":135,"column":0},"end":{"line":135,"column":50}},"135":{"start":{"line":136,"column":0},"end":{"line":136,"column":5}},"136":{"start":{"line":137,"column":0},"end":{"line":137,"column":4}},"137":{"start":{"line":138,"column":0},"end":{"line":138,"column":66}},"138":{"start":{"line":139,"column":0},"end":{"line":139,"column":47}},"139":{"start":{"line":140,"column":0},"end":{"line":140,"column":56}},"140":{"start":{"line":141,"column":0},"end":{"line":141,"column":5}},"141":{"start":{"line":142,"column":0},"end":{"line":142,"column":4}},"142":{"start":{"line":143,"column":0},"end":{"line":143,"column":22}},"143":{"start":{"line":144,"column":0},"end":{"line":144,"column":3}},"144":{"start":{"line":145,"column":0},"end":{"line":145,"column":0}},"145":{"start":{"line":146,"column":0},"end":{"line":146,"column":5}},"146":{"start":{"line":147,"column":0},"end":{"line":147,"column":64}},"147":{"start":{"line":148,"column":0},"end":{"line":148,"column":5}},"148":{"start":{"line":149,"column":0},"end":{"line":149,"column":37}},"149":{"start":{"line":150,"column":0},"end":{"line":150,"column":17}},"150":{"start":{"line":151,"column":0},"end":{"line":151,"column":33}},"151":{"start":{"line":152,"column":0},"end":{"line":152,"column":13}},"152":{"start":{"line":153,"column":0},"end":{"line":153,"column":22}},"153":{"start":{"line":154,"column":0},"end":{"line":154,"column":4}},"154":{"start":{"line":155,"column":0},"end":{"line":155,"column":46}},"155":{"start":{"line":156,"column":0},"end":{"line":156,"column":85}},"156":{"start":{"line":157,"column":0},"end":{"line":157,"column":53}},"157":{"start":{"line":158,"column":0},"end":{"line":158,"column":5}},"158":{"start":{"line":159,"column":0},"end":{"line":159,"column":4}},"159":{"start":{"line":160,"column":0},"end":{"line":160,"column":43}},"160":{"start":{"line":161,"column":0},"end":{"line":161,"column":51}},"161":{"start":{"line":162,"column":0},"end":{"line":162,"column":48}},"162":{"start":{"line":163,"column":0},"end":{"line":163,"column":58}},"163":{"start":{"line":164,"column":0},"end":{"line":164,"column":44}},"164":{"start":{"line":165,"column":0},"end":{"line":165,"column":5}},"165":{"start":{"line":166,"column":0},"end":{"line":166,"column":4}},"166":{"start":{"line":167,"column":0},"end":{"line":167,"column":18}},"167":{"start":{"line":168,"column":0},"end":{"line":168,"column":3}},"168":{"start":{"line":169,"column":0},"end":{"line":169,"column":0}},"169":{"start":{"line":170,"column":0},"end":{"line":170,"column":5}},"170":{"start":{"line":171,"column":0},"end":{"line":171,"column":40}},"171":{"start":{"line":172,"column":0},"end":{"line":172,"column":5}},"172":{"start":{"line":173,"column":0},"end":{"line":173,"column":21}},"173":{"start":{"line":174,"column":0},"end":{"line":174,"column":30}},"174":{"start":{"line":175,"column":0},"end":{"line":175,"column":33}},"175":{"start":{"line":176,"column":0},"end":{"line":176,"column":20}},"176":{"start":{"line":177,"column":0},"end":{"line":177,"column":64}},"177":{"start":{"line":178,"column":0},"end":{"line":178,"column":43}},"178":{"start":{"line":179,"column":0},"end":{"line":179,"column":41}},"179":{"start":{"line":180,"column":0},"end":{"line":180,"column":76}},"180":{"start":{"line":181,"column":0},"end":{"line":181,"column":27}},"181":{"start":{"line":182,"column":0},"end":{"line":182,"column":9}},"182":{"start":{"line":183,"column":0},"end":{"line":183,"column":8}},"183":{"start":{"line":184,"column":0},"end":{"line":184,"column":62}},"184":{"start":{"line":185,"column":0},"end":{"line":185,"column":27}},"185":{"start":{"line":186,"column":0},"end":{"line":186,"column":9}},"186":{"start":{"line":187,"column":0},"end":{"line":187,"column":8}},"187":{"start":{"line":188,"column":0},"end":{"line":188,"column":34}},"188":{"start":{"line":189,"column":0},"end":{"line":189,"column":34}},"189":{"start":{"line":190,"column":0},"end":{"line":190,"column":27}},"190":{"start":{"line":191,"column":0},"end":{"line":191,"column":9}},"191":{"start":{"line":192,"column":0},"end":{"line":192,"column":8}},"192":{"start":{"line":193,"column":0},"end":{"line":193,"column":40}},"193":{"start":{"line":194,"column":0},"end":{"line":194,"column":46}},"194":{"start":{"line":195,"column":0},"end":{"line":195,"column":27}},"195":{"start":{"line":196,"column":0},"end":{"line":196,"column":9}},"196":{"start":{"line":197,"column":0},"end":{"line":197,"column":8}},"197":{"start":{"line":198,"column":0},"end":{"line":198,"column":41}},"198":{"start":{"line":199,"column":0},"end":{"line":199,"column":46}},"199":{"start":{"line":200,"column":0},"end":{"line":200,"column":27}},"200":{"start":{"line":201,"column":0},"end":{"line":201,"column":9}},"201":{"start":{"line":202,"column":0},"end":{"line":202,"column":8}},"202":{"start":{"line":203,"column":0},"end":{"line":203,"column":59}},"203":{"start":{"line":204,"column":0},"end":{"line":204,"column":45}},"204":{"start":{"line":205,"column":0},"end":{"line":205,"column":54}},"205":{"start":{"line":206,"column":0},"end":{"line":206,"column":27}},"206":{"start":{"line":207,"column":0},"end":{"line":207,"column":31}},"207":{"start":{"line":208,"column":0},"end":{"line":208,"column":22}},"208":{"start":{"line":209,"column":0},"end":{"line":209,"column":48}},"209":{"start":{"line":210,"column":0},"end":{"line":210,"column":75}},"210":{"start":{"line":211,"column":0},"end":{"line":211,"column":26}},"211":{"start":{"line":212,"column":0},"end":{"line":212,"column":31}},"212":{"start":{"line":213,"column":0},"end":{"line":213,"column":21}},"213":{"start":{"line":214,"column":0},"end":{"line":214,"column":30}},"214":{"start":{"line":215,"column":0},"end":{"line":215,"column":50}},"215":{"start":{"line":216,"column":0},"end":{"line":216,"column":27}},"216":{"start":{"line":217,"column":0},"end":{"line":217,"column":15}},"217":{"start":{"line":218,"column":0},"end":{"line":218,"column":44}},"218":{"start":{"line":219,"column":0},"end":{"line":219,"column":21}},"219":{"start":{"line":220,"column":0},"end":{"line":220,"column":12}},"220":{"start":{"line":221,"column":0},"end":{"line":221,"column":9}},"221":{"start":{"line":222,"column":0},"end":{"line":222,"column":8}},"222":{"start":{"line":223,"column":0},"end":{"line":223,"column":53}},"223":{"start":{"line":224,"column":0},"end":{"line":224,"column":39}},"224":{"start":{"line":225,"column":0},"end":{"line":225,"column":48}},"225":{"start":{"line":226,"column":0},"end":{"line":226,"column":27}},"226":{"start":{"line":227,"column":0},"end":{"line":227,"column":48}},"227":{"start":{"line":228,"column":0},"end":{"line":228,"column":75}},"228":{"start":{"line":229,"column":0},"end":{"line":229,"column":26}},"229":{"start":{"line":230,"column":0},"end":{"line":230,"column":31}},"230":{"start":{"line":231,"column":0},"end":{"line":231,"column":21}},"231":{"start":{"line":232,"column":0},"end":{"line":232,"column":30}},"232":{"start":{"line":233,"column":0},"end":{"line":233,"column":50}},"233":{"start":{"line":234,"column":0},"end":{"line":234,"column":27}},"234":{"start":{"line":235,"column":0},"end":{"line":235,"column":15}},"235":{"start":{"line":236,"column":0},"end":{"line":236,"column":44}},"236":{"start":{"line":237,"column":0},"end":{"line":237,"column":40}},"237":{"start":{"line":238,"column":0},"end":{"line":238,"column":21}},"238":{"start":{"line":239,"column":0},"end":{"line":239,"column":12}},"239":{"start":{"line":240,"column":0},"end":{"line":240,"column":9}},"240":{"start":{"line":241,"column":0},"end":{"line":241,"column":8}},"241":{"start":{"line":242,"column":0},"end":{"line":242,"column":58}},"242":{"start":{"line":243,"column":0},"end":{"line":243,"column":44}},"243":{"start":{"line":244,"column":0},"end":{"line":244,"column":53}},"244":{"start":{"line":245,"column":0},"end":{"line":245,"column":27}},"245":{"start":{"line":246,"column":0},"end":{"line":246,"column":31}},"246":{"start":{"line":247,"column":0},"end":{"line":247,"column":22}},"247":{"start":{"line":248,"column":0},"end":{"line":248,"column":48}},"248":{"start":{"line":249,"column":0},"end":{"line":249,"column":75}},"249":{"start":{"line":250,"column":0},"end":{"line":250,"column":26}},"250":{"start":{"line":251,"column":0},"end":{"line":251,"column":31}},"251":{"start":{"line":252,"column":0},"end":{"line":252,"column":21}},"252":{"start":{"line":253,"column":0},"end":{"line":253,"column":30}},"253":{"start":{"line":254,"column":0},"end":{"line":254,"column":50}},"254":{"start":{"line":255,"column":0},"end":{"line":255,"column":27}},"255":{"start":{"line":256,"column":0},"end":{"line":256,"column":15}},"256":{"start":{"line":257,"column":0},"end":{"line":257,"column":44}},"257":{"start":{"line":258,"column":0},"end":{"line":258,"column":21}},"258":{"start":{"line":259,"column":0},"end":{"line":259,"column":12}},"259":{"start":{"line":260,"column":0},"end":{"line":260,"column":9}},"260":{"start":{"line":261,"column":0},"end":{"line":261,"column":8}},"261":{"start":{"line":262,"column":0},"end":{"line":262,"column":42}},"262":{"start":{"line":263,"column":0},"end":{"line":263,"column":51}},"263":{"start":{"line":264,"column":0},"end":{"line":264,"column":27}},"264":{"start":{"line":265,"column":0},"end":{"line":265,"column":22}},"265":{"start":{"line":266,"column":0},"end":{"line":266,"column":48}},"266":{"start":{"line":267,"column":0},"end":{"line":267,"column":33}},"267":{"start":{"line":268,"column":0},"end":{"line":268,"column":24}},"268":{"start":{"line":269,"column":0},"end":{"line":269,"column":12}},"269":{"start":{"line":270,"column":0},"end":{"line":270,"column":9}},"270":{"start":{"line":271,"column":0},"end":{"line":271,"column":8}},"271":{"start":{"line":272,"column":0},"end":{"line":272,"column":32}},"272":{"start":{"line":273,"column":0},"end":{"line":273,"column":76}},"273":{"start":{"line":274,"column":0},"end":{"line":274,"column":33}},"274":{"start":{"line":275,"column":0},"end":{"line":275,"column":9}},"275":{"start":{"line":276,"column":0},"end":{"line":276,"column":8}},"276":{"start":{"line":277,"column":0},"end":{"line":277,"column":60}},"277":{"start":{"line":278,"column":0},"end":{"line":278,"column":45}},"278":{"start":{"line":279,"column":0},"end":{"line":279,"column":70}},"279":{"start":{"line":280,"column":0},"end":{"line":280,"column":45}},"280":{"start":{"line":281,"column":0},"end":{"line":281,"column":63}},"281":{"start":{"line":282,"column":0},"end":{"line":282,"column":57}},"282":{"start":{"line":283,"column":0},"end":{"line":283,"column":36}},"283":{"start":{"line":284,"column":0},"end":{"line":284,"column":50}},"284":{"start":{"line":285,"column":0},"end":{"line":285,"column":84}},"285":{"start":{"line":286,"column":0},"end":{"line":286,"column":28}},"286":{"start":{"line":287,"column":0},"end":{"line":287,"column":33}},"287":{"start":{"line":288,"column":0},"end":{"line":288,"column":23}},"288":{"start":{"line":289,"column":0},"end":{"line":289,"column":32}},"289":{"start":{"line":290,"column":0},"end":{"line":290,"column":52}},"290":{"start":{"line":291,"column":0},"end":{"line":291,"column":29}},"291":{"start":{"line":292,"column":0},"end":{"line":292,"column":17}},"292":{"start":{"line":293,"column":0},"end":{"line":293,"column":46}},"293":{"start":{"line":294,"column":0},"end":{"line":294,"column":49}},"294":{"start":{"line":295,"column":0},"end":{"line":295,"column":30}},"295":{"start":{"line":296,"column":0},"end":{"line":296,"column":14}},"296":{"start":{"line":297,"column":0},"end":{"line":297,"column":11}},"297":{"start":{"line":298,"column":0},"end":{"line":298,"column":10}},"298":{"start":{"line":299,"column":0},"end":{"line":299,"column":54}},"299":{"start":{"line":300,"column":0},"end":{"line":300,"column":22}},"300":{"start":{"line":301,"column":0},"end":{"line":301,"column":34}},"301":{"start":{"line":302,"column":0},"end":{"line":302,"column":48}},"302":{"start":{"line":303,"column":0},"end":{"line":303,"column":23}},"303":{"start":{"line":304,"column":0},"end":{"line":304,"column":12}},"304":{"start":{"line":305,"column":0},"end":{"line":305,"column":9}},"305":{"start":{"line":306,"column":0},"end":{"line":306,"column":8}},"306":{"start":{"line":307,"column":0},"end":{"line":307,"column":56}},"307":{"start":{"line":308,"column":0},"end":{"line":308,"column":43}},"308":{"start":{"line":309,"column":0},"end":{"line":309,"column":52}},"309":{"start":{"line":310,"column":0},"end":{"line":310,"column":27}},"310":{"start":{"line":311,"column":0},"end":{"line":311,"column":31}},"311":{"start":{"line":312,"column":0},"end":{"line":312,"column":22}},"312":{"start":{"line":313,"column":0},"end":{"line":313,"column":31}},"313":{"start":{"line":314,"column":0},"end":{"line":314,"column":48}},"314":{"start":{"line":315,"column":0},"end":{"line":315,"column":75}},"315":{"start":{"line":316,"column":0},"end":{"line":316,"column":26}},"316":{"start":{"line":317,"column":0},"end":{"line":317,"column":31}},"317":{"start":{"line":318,"column":0},"end":{"line":318,"column":21}},"318":{"start":{"line":319,"column":0},"end":{"line":319,"column":30}},"319":{"start":{"line":320,"column":0},"end":{"line":320,"column":50}},"320":{"start":{"line":321,"column":0},"end":{"line":321,"column":27}},"321":{"start":{"line":322,"column":0},"end":{"line":322,"column":15}},"322":{"start":{"line":323,"column":0},"end":{"line":323,"column":44}},"323":{"start":{"line":324,"column":0},"end":{"line":324,"column":21}},"324":{"start":{"line":325,"column":0},"end":{"line":325,"column":12}},"325":{"start":{"line":326,"column":0},"end":{"line":326,"column":9}},"326":{"start":{"line":327,"column":0},"end":{"line":327,"column":8}},"327":{"start":{"line":328,"column":0},"end":{"line":328,"column":55}},"328":{"start":{"line":329,"column":0},"end":{"line":329,"column":8}},"329":{"start":{"line":330,"column":0},"end":{"line":330,"column":6}},"330":{"start":{"line":331,"column":0},"end":{"line":331,"column":64}},"331":{"start":{"line":332,"column":0},"end":{"line":332,"column":6}},"332":{"start":{"line":333,"column":0},"end":{"line":333,"column":4}},"333":{"start":{"line":334,"column":0},"end":{"line":334,"column":60}},"334":{"start":{"line":335,"column":0},"end":{"line":335,"column":55}},"335":{"start":{"line":336,"column":0},"end":{"line":336,"column":53}},"336":{"start":{"line":337,"column":0},"end":{"line":337,"column":7}},"337":{"start":{"line":338,"column":0},"end":{"line":338,"column":4}},"338":{"start":{"line":339,"column":0},"end":{"line":339,"column":50}},"339":{"start":{"line":340,"column":0},"end":{"line":340,"column":3}},"340":{"start":{"line":341,"column":0},"end":{"line":341,"column":0}},"341":{"start":{"line":342,"column":0},"end":{"line":342,"column":5}},"342":{"start":{"line":343,"column":0},"end":{"line":343,"column":37}},"343":{"start":{"line":344,"column":0},"end":{"line":344,"column":5}},"344":{"start":{"line":345,"column":0},"end":{"line":345,"column":27}},"345":{"start":{"line":346,"column":0},"end":{"line":346,"column":30}},"346":{"start":{"line":347,"column":0},"end":{"line":347,"column":33}},"347":{"start":{"line":348,"column":0},"end":{"line":348,"column":20}},"348":{"start":{"line":349,"column":0},"end":{"line":349,"column":52}},"349":{"start":{"line":350,"column":0},"end":{"line":350,"column":53}},"350":{"start":{"line":351,"column":0},"end":{"line":351,"column":5}},"351":{"start":{"line":352,"column":0},"end":{"line":352,"column":4}},"352":{"start":{"line":353,"column":0},"end":{"line":353,"column":22}},"353":{"start":{"line":354,"column":0},"end":{"line":354,"column":3}},"354":{"start":{"line":355,"column":0},"end":{"line":355,"column":0}},"355":{"start":{"line":356,"column":0},"end":{"line":356,"column":5}},"356":{"start":{"line":357,"column":0},"end":{"line":357,"column":30}},"357":{"start":{"line":358,"column":0},"end":{"line":358,"column":5}},"358":{"start":{"line":359,"column":0},"end":{"line":359,"column":76}},"359":{"start":{"line":360,"column":0},"end":{"line":360,"column":64}},"360":{"start":{"line":361,"column":0},"end":{"line":361,"column":43}},"361":{"start":{"line":362,"column":0},"end":{"line":362,"column":51}},"362":{"start":{"line":363,"column":0},"end":{"line":363,"column":43}},"363":{"start":{"line":364,"column":0},"end":{"line":364,"column":51}},"364":{"start":{"line":365,"column":0},"end":{"line":365,"column":9}},"365":{"start":{"line":366,"column":0},"end":{"line":366,"column":8}},"366":{"start":{"line":367,"column":0},"end":{"line":367,"column":40}},"367":{"start":{"line":368,"column":0},"end":{"line":368,"column":74}},"368":{"start":{"line":369,"column":0},"end":{"line":369,"column":48}},"369":{"start":{"line":370,"column":0},"end":{"line":370,"column":9}},"370":{"start":{"line":371,"column":0},"end":{"line":371,"column":8}},"371":{"start":{"line":372,"column":0},"end":{"line":372,"column":55}},"372":{"start":{"line":373,"column":0},"end":{"line":373,"column":8}},"373":{"start":{"line":374,"column":0},"end":{"line":374,"column":6}},"374":{"start":{"line":375,"column":0},"end":{"line":375,"column":64}},"375":{"start":{"line":376,"column":0},"end":{"line":376,"column":6}},"376":{"start":{"line":377,"column":0},"end":{"line":377,"column":4}},"377":{"start":{"line":378,"column":0},"end":{"line":378,"column":59}},"378":{"start":{"line":379,"column":0},"end":{"line":379,"column":50}},"379":{"start":{"line":380,"column":0},"end":{"line":380,"column":3}},"380":{"start":{"line":381,"column":0},"end":{"line":381,"column":0}},"381":{"start":{"line":382,"column":0},"end":{"line":382,"column":5}},"382":{"start":{"line":383,"column":0},"end":{"line":383,"column":41}},"383":{"start":{"line":384,"column":0},"end":{"line":384,"column":5}},"384":{"start":{"line":385,"column":0},"end":{"line":385,"column":88}},"385":{"start":{"line":386,"column":0},"end":{"line":386,"column":49}},"386":{"start":{"line":387,"column":0},"end":{"line":387,"column":63}},"387":{"start":{"line":388,"column":0},"end":{"line":388,"column":4}},"388":{"start":{"line":389,"column":0},"end":{"line":389,"column":36}},"389":{"start":{"line":390,"column":0},"end":{"line":390,"column":28}},"390":{"start":{"line":391,"column":0},"end":{"line":391,"column":56}},"391":{"start":{"line":392,"column":0},"end":{"line":392,"column":6}},"392":{"start":{"line":393,"column":0},"end":{"line":393,"column":82}},"393":{"start":{"line":394,"column":0},"end":{"line":394,"column":17}},"394":{"start":{"line":395,"column":0},"end":{"line":395,"column":50}},"395":{"start":{"line":396,"column":0},"end":{"line":396,"column":20}},"396":{"start":{"line":397,"column":0},"end":{"line":397,"column":51}},"397":{"start":{"line":398,"column":0},"end":{"line":398,"column":50}},"398":{"start":{"line":399,"column":0},"end":{"line":399,"column":19}},"399":{"start":{"line":400,"column":0},"end":{"line":400,"column":24}},"400":{"start":{"line":401,"column":0},"end":{"line":401,"column":24}},"401":{"start":{"line":402,"column":0},"end":{"line":402,"column":46}},"402":{"start":{"line":403,"column":0},"end":{"line":403,"column":55}},"403":{"start":{"line":404,"column":0},"end":{"line":404,"column":26}},"404":{"start":{"line":405,"column":0},"end":{"line":405,"column":33}},"405":{"start":{"line":406,"column":0},"end":{"line":406,"column":15}},"406":{"start":{"line":407,"column":0},"end":{"line":407,"column":15}},"407":{"start":{"line":408,"column":0},"end":{"line":408,"column":30}},"408":{"start":{"line":409,"column":0},"end":{"line":409,"column":11}},"409":{"start":{"line":410,"column":0},"end":{"line":410,"column":10}},"410":{"start":{"line":411,"column":0},"end":{"line":411,"column":7}},"411":{"start":{"line":412,"column":0},"end":{"line":412,"column":6}},"412":{"start":{"line":413,"column":0},"end":{"line":413,"column":57}},"413":{"start":{"line":414,"column":0},"end":{"line":414,"column":62}},"414":{"start":{"line":415,"column":0},"end":{"line":415,"column":68}},"415":{"start":{"line":416,"column":0},"end":{"line":416,"column":47}},"416":{"start":{"line":417,"column":0},"end":{"line":417,"column":44}},"417":{"start":{"line":418,"column":0},"end":{"line":418,"column":24}},"418":{"start":{"line":419,"column":0},"end":{"line":419,"column":35}},"419":{"start":{"line":420,"column":0},"end":{"line":420,"column":27}},"420":{"start":{"line":421,"column":0},"end":{"line":421,"column":23}},"421":{"start":{"line":422,"column":0},"end":{"line":422,"column":13}},"422":{"start":{"line":423,"column":0},"end":{"line":423,"column":11}},"423":{"start":{"line":424,"column":0},"end":{"line":424,"column":10}},"424":{"start":{"line":425,"column":0},"end":{"line":425,"column":8}},"425":{"start":{"line":426,"column":0},"end":{"line":426,"column":50}},"426":{"start":{"line":427,"column":0},"end":{"line":427,"column":20}},"427":{"start":{"line":428,"column":0},"end":{"line":428,"column":51}},"428":{"start":{"line":429,"column":0},"end":{"line":429,"column":50}},"429":{"start":{"line":430,"column":0},"end":{"line":430,"column":28}},"430":{"start":{"line":431,"column":0},"end":{"line":431,"column":24}},"431":{"start":{"line":432,"column":0},"end":{"line":432,"column":24}},"432":{"start":{"line":433,"column":0},"end":{"line":433,"column":46}},"433":{"start":{"line":434,"column":0},"end":{"line":434,"column":55}},"434":{"start":{"line":435,"column":0},"end":{"line":435,"column":26}},"435":{"start":{"line":436,"column":0},"end":{"line":436,"column":33}},"436":{"start":{"line":437,"column":0},"end":{"line":437,"column":15}},"437":{"start":{"line":438,"column":0},"end":{"line":438,"column":15}},"438":{"start":{"line":439,"column":0},"end":{"line":439,"column":30}},"439":{"start":{"line":440,"column":0},"end":{"line":440,"column":11}},"440":{"start":{"line":441,"column":0},"end":{"line":441,"column":10}},"441":{"start":{"line":442,"column":0},"end":{"line":442,"column":7}},"442":{"start":{"line":443,"column":0},"end":{"line":443,"column":5}},"443":{"start":{"line":444,"column":0},"end":{"line":444,"column":4}},"444":{"start":{"line":445,"column":0},"end":{"line":445,"column":21}},"445":{"start":{"line":446,"column":0},"end":{"line":446,"column":3}},"446":{"start":{"line":447,"column":0},"end":{"line":447,"column":0}},"447":{"start":{"line":448,"column":0},"end":{"line":448,"column":5}},"448":{"start":{"line":449,"column":0},"end":{"line":449,"column":36}},"449":{"start":{"line":450,"column":0},"end":{"line":450,"column":5}},"450":{"start":{"line":451,"column":0},"end":{"line":451,"column":30}},"451":{"start":{"line":452,"column":0},"end":{"line":452,"column":52}},"452":{"start":{"line":453,"column":0},"end":{"line":453,"column":19}},"453":{"start":{"line":454,"column":0},"end":{"line":454,"column":38}},"454":{"start":{"line":455,"column":0},"end":{"line":455,"column":51}},"455":{"start":{"line":456,"column":0},"end":{"line":456,"column":50}},"456":{"start":{"line":457,"column":0},"end":{"line":457,"column":42}},"457":{"start":{"line":458,"column":0},"end":{"line":458,"column":52}},"458":{"start":{"line":459,"column":0},"end":{"line":459,"column":50}},"459":{"start":{"line":460,"column":0},"end":{"line":460,"column":21}},"460":{"start":{"line":461,"column":0},"end":{"line":461,"column":12}},"461":{"start":{"line":462,"column":0},"end":{"line":462,"column":36}},"462":{"start":{"line":463,"column":0},"end":{"line":463,"column":25}},"463":{"start":{"line":464,"column":0},"end":{"line":464,"column":9}},"464":{"start":{"line":465,"column":0},"end":{"line":465,"column":8}},"465":{"start":{"line":466,"column":0},"end":{"line":466,"column":5}},"466":{"start":{"line":467,"column":0},"end":{"line":467,"column":4}},"467":{"start":{"line":468,"column":0},"end":{"line":468,"column":27}},"468":{"start":{"line":469,"column":0},"end":{"line":469,"column":38}},"469":{"start":{"line":470,"column":0},"end":{"line":470,"column":3}},"470":{"start":{"line":471,"column":0},"end":{"line":471,"column":0}},"471":{"start":{"line":472,"column":0},"end":{"line":472,"column":5}},"472":{"start":{"line":473,"column":0},"end":{"line":473,"column":38}},"473":{"start":{"line":474,"column":0},"end":{"line":474,"column":5}},"474":{"start":{"line":475,"column":0},"end":{"line":475,"column":62}},"475":{"start":{"line":476,"column":0},"end":{"line":476,"column":41}},"476":{"start":{"line":477,"column":0},"end":{"line":477,"column":50}},"477":{"start":{"line":478,"column":0},"end":{"line":478,"column":13}},"478":{"start":{"line":479,"column":0},"end":{"line":479,"column":24}},"479":{"start":{"line":480,"column":0},"end":{"line":480,"column":23}},"480":{"start":{"line":481,"column":0},"end":{"line":481,"column":27}},"481":{"start":{"line":482,"column":0},"end":{"line":482,"column":18}},"482":{"start":{"line":483,"column":0},"end":{"line":483,"column":44}},"483":{"start":{"line":484,"column":0},"end":{"line":484,"column":62}},"484":{"start":{"line":485,"column":0},"end":{"line":485,"column":40}},"485":{"start":{"line":486,"column":0},"end":{"line":486,"column":17}},"486":{"start":{"line":487,"column":0},"end":{"line":487,"column":15}},"487":{"start":{"line":488,"column":0},"end":{"line":488,"column":5}},"488":{"start":{"line":489,"column":0},"end":{"line":489,"column":4}},"489":{"start":{"line":490,"column":0},"end":{"line":490,"column":16}},"490":{"start":{"line":491,"column":0},"end":{"line":491,"column":3}},"491":{"start":{"line":492,"column":0},"end":{"line":492,"column":0}},"492":{"start":{"line":493,"column":0},"end":{"line":493,"column":5}},"493":{"start":{"line":494,"column":0},"end":{"line":494,"column":32}},"494":{"start":{"line":495,"column":0},"end":{"line":495,"column":5}},"495":{"start":{"line":496,"column":0},"end":{"line":496,"column":88}},"496":{"start":{"line":497,"column":0},"end":{"line":497,"column":49}},"497":{"start":{"line":498,"column":0},"end":{"line":498,"column":12}},"498":{"start":{"line":499,"column":0},"end":{"line":499,"column":23}},"499":{"start":{"line":500,"column":0},"end":{"line":500,"column":22}},"500":{"start":{"line":501,"column":0},"end":{"line":501,"column":27}},"501":{"start":{"line":502,"column":0},"end":{"line":502,"column":17}},"502":{"start":{"line":503,"column":0},"end":{"line":503,"column":26}},"503":{"start":{"line":504,"column":0},"end":{"line":504,"column":31}},"504":{"start":{"line":505,"column":0},"end":{"line":505,"column":23}},"505":{"start":{"line":506,"column":0},"end":{"line":506,"column":6}},"506":{"start":{"line":507,"column":0},"end":{"line":507,"column":3}},"507":{"start":{"line":508,"column":0},"end":{"line":508,"column":0}},"508":{"start":{"line":509,"column":0},"end":{"line":509,"column":5}},"509":{"start":{"line":510,"column":0},"end":{"line":510,"column":51}},"510":{"start":{"line":511,"column":0},"end":{"line":511,"column":5}},"511":{"start":{"line":512,"column":0},"end":{"line":512,"column":77}},"512":{"start":{"line":513,"column":0},"end":{"line":513,"column":79}},"513":{"start":{"line":514,"column":0},"end":{"line":514,"column":69}},"514":{"start":{"line":515,"column":0},"end":{"line":515,"column":61}},"515":{"start":{"line":516,"column":0},"end":{"line":516,"column":66}},"516":{"start":{"line":517,"column":0},"end":{"line":517,"column":64}},"517":{"start":{"line":518,"column":0},"end":{"line":518,"column":4}},"518":{"start":{"line":519,"column":0},"end":{"line":519,"column":46}},"519":{"start":{"line":520,"column":0},"end":{"line":520,"column":3}},"520":{"start":{"line":521,"column":0},"end":{"line":521,"column":0}},"521":{"start":{"line":522,"column":0},"end":{"line":522,"column":5}},"522":{"start":{"line":523,"column":0},"end":{"line":523,"column":41}},"523":{"start":{"line":524,"column":0},"end":{"line":524,"column":5}},"524":{"start":{"line":525,"column":0},"end":{"line":525,"column":74}},"525":{"start":{"line":526,"column":0},"end":{"line":526,"column":55}},"526":{"start":{"line":527,"column":0},"end":{"line":527,"column":52}},"527":{"start":{"line":528,"column":0},"end":{"line":528,"column":3}},"528":{"start":{"line":529,"column":0},"end":{"line":529,"column":0}},"529":{"start":{"line":530,"column":0},"end":{"line":530,"column":5}},"530":{"start":{"line":531,"column":0},"end":{"line":531,"column":43}},"531":{"start":{"line":532,"column":0},"end":{"line":532,"column":5}},"532":{"start":{"line":533,"column":0},"end":{"line":533,"column":80}},"533":{"start":{"line":534,"column":0},"end":{"line":534,"column":37}},"534":{"start":{"line":535,"column":0},"end":{"line":535,"column":64}},"535":{"start":{"line":536,"column":0},"end":{"line":536,"column":18}},"536":{"start":{"line":537,"column":0},"end":{"line":537,"column":5}},"537":{"start":{"line":538,"column":0},"end":{"line":538,"column":4}},"538":{"start":{"line":539,"column":0},"end":{"line":539,"column":44}},"539":{"start":{"line":540,"column":0},"end":{"line":540,"column":85}},"540":{"start":{"line":541,"column":0},"end":{"line":541,"column":56}},"541":{"start":{"line":542,"column":0},"end":{"line":542,"column":5}},"542":{"start":{"line":543,"column":0},"end":{"line":543,"column":4}},"543":{"start":{"line":544,"column":0},"end":{"line":544,"column":16}},"544":{"start":{"line":545,"column":0},"end":{"line":545,"column":3}},"545":{"start":{"line":546,"column":0},"end":{"line":546,"column":0}},"546":{"start":{"line":547,"column":0},"end":{"line":547,"column":5}},"547":{"start":{"line":548,"column":0},"end":{"line":548,"column":38}},"548":{"start":{"line":549,"column":0},"end":{"line":549,"column":5}},"549":{"start":{"line":550,"column":0},"end":{"line":550,"column":53}},"550":{"start":{"line":551,"column":0},"end":{"line":551,"column":68}},"551":{"start":{"line":552,"column":0},"end":{"line":552,"column":41}},"552":{"start":{"line":553,"column":0},"end":{"line":553,"column":22}},"553":{"start":{"line":554,"column":0},"end":{"line":554,"column":4}},"554":{"start":{"line":555,"column":0},"end":{"line":555,"column":31}},"555":{"start":{"line":556,"column":0},"end":{"line":556,"column":71}},"556":{"start":{"line":557,"column":0},"end":{"line":557,"column":4}},"557":{"start":{"line":558,"column":0},"end":{"line":558,"column":30}},"558":{"start":{"line":559,"column":0},"end":{"line":559,"column":72}},"559":{"start":{"line":560,"column":0},"end":{"line":560,"column":73}},"560":{"start":{"line":561,"column":0},"end":{"line":561,"column":78}},"561":{"start":{"line":562,"column":0},"end":{"line":562,"column":7}},"562":{"start":{"line":563,"column":0},"end":{"line":563,"column":4}},"563":{"start":{"line":564,"column":0},"end":{"line":564,"column":24}},"564":{"start":{"line":565,"column":0},"end":{"line":565,"column":28}},"565":{"start":{"line":566,"column":0},"end":{"line":566,"column":50}},"566":{"start":{"line":567,"column":0},"end":{"line":567,"column":32}},"567":{"start":{"line":568,"column":0},"end":{"line":568,"column":6}},"568":{"start":{"line":569,"column":0},"end":{"line":569,"column":4}},"569":{"start":{"line":570,"column":0},"end":{"line":570,"column":28}},"570":{"start":{"line":571,"column":0},"end":{"line":571,"column":54}},"571":{"start":{"line":572,"column":0},"end":{"line":572,"column":34}},"572":{"start":{"line":573,"column":0},"end":{"line":573,"column":6}},"573":{"start":{"line":574,"column":0},"end":{"line":574,"column":4}},"574":{"start":{"line":575,"column":0},"end":{"line":575,"column":18}},"575":{"start":{"line":576,"column":0},"end":{"line":576,"column":3}},"576":{"start":{"line":577,"column":0},"end":{"line":577,"column":0}},"577":{"start":{"line":578,"column":0},"end":{"line":578,"column":5}},"578":{"start":{"line":579,"column":0},"end":{"line":579,"column":29}},"579":{"start":{"line":580,"column":0},"end":{"line":580,"column":5}},"580":{"start":{"line":581,"column":0},"end":{"line":581,"column":49}},"581":{"start":{"line":582,"column":0},"end":{"line":582,"column":55}},"582":{"start":{"line":583,"column":0},"end":{"line":583,"column":24}},"583":{"start":{"line":584,"column":0},"end":{"line":584,"column":49}},"584":{"start":{"line":585,"column":0},"end":{"line":585,"column":20}},"585":{"start":{"line":586,"column":0},"end":{"line":586,"column":6}},"586":{"start":{"line":587,"column":0},"end":{"line":587,"column":3}},"587":{"start":{"line":588,"column":0},"end":{"line":588,"column":0}},"588":{"start":{"line":589,"column":0},"end":{"line":589,"column":5}},"589":{"start":{"line":590,"column":0},"end":{"line":590,"column":24}},"590":{"start":{"line":591,"column":0},"end":{"line":591,"column":5}},"591":{"start":{"line":592,"column":0},"end":{"line":592,"column":28}},"592":{"start":{"line":593,"column":0},"end":{"line":593,"column":30}},"593":{"start":{"line":594,"column":0},"end":{"line":594,"column":29}},"594":{"start":{"line":595,"column":0},"end":{"line":595,"column":13}},"595":{"start":{"line":596,"column":0},"end":{"line":596,"column":79}},"596":{"start":{"line":597,"column":0},"end":{"line":597,"column":27}},"597":{"start":{"line":598,"column":0},"end":{"line":598,"column":17}},"598":{"start":{"line":599,"column":0},"end":{"line":599,"column":32}},"599":{"start":{"line":600,"column":0},"end":{"line":600,"column":21}},"600":{"start":{"line":601,"column":0},"end":{"line":601,"column":37}},"601":{"start":{"line":602,"column":0},"end":{"line":602,"column":16}},"602":{"start":{"line":603,"column":0},"end":{"line":603,"column":19}},"603":{"start":{"line":604,"column":0},"end":{"line":604,"column":7}}
[...]
4,"column":25}},"424":{"start":{"line":425,"column":0},"end":{"line":425,"column":20}},"425":{"start":{"line":426,"column":0},"end":{"line":426,"column":2}},"426":{"start":{"line":427,"column":0},"end":{"line":427,"column":30}},"427":{"start":{"line":428,"column":0},"end":{"line":428,"column":19}},"428":{"start":{"line":429,"column":0},"end":{"line":429,"column":2}},"429":{"start":{"line":430,"column":0},"end":{"line":430,"column":44}},"430":{"start":{"line":431,"column":0},"end":{"line":431,"column":30}},"431":{"start":{"line":432,"column":0},"end":{"line":432,"column":2}},"432":{"start":{"line":433,"column":0},"end":{"line":433,"column":42}},"433":{"start":{"line":434,"column":0},"end":{"line":434,"column":102}},"434":{"start":{"line":435,"column":0},"end":{"line":435,"column":1}},"435":{"start":{"line":436,"column":0},"end":{"line":436,"column":0}},"436":{"start":{"line":437,"column":0},"end":{"line":437,"column":3}},"437":{"start":{"line":438,"column":0},"end":{"line":438,"column":33}},"438":{"start":{"line":439,"column":0},"end":{"line":439,"column":3}},"439":{"start":{"line":440,"column":0},"end":{"line":440,"column":32}},"440":{"start":{"line":441,"column":0},"end":{"line":441,"column":33}},"441":{"start":{"line":442,"column":0},"end":{"line":442,"column":26}},"442":{"start":{"line":443,"column":0},"end":{"line":443,"column":2}},"443":{"start":{"line":444,"column":0},"end":{"line":444,"column":28}},"444":{"start":{"line":445,"column":0},"end":{"line":445,"column":16}},"445":{"start":{"line":446,"column":0},"end":{"line":446,"column":2}},"446":{"start":{"line":447,"column":0},"end":{"line":447,"column":22}},"447":{"start":{"line":448,"column":0},"end":{"line":448,"column":18}},"448":{"start":{"line":449,"column":0},"end":{"line":449,"column":2}},"449":{"start":{"line":450,"column":0},"end":{"line":450,"column":31}},"450":{"start":{"line":451,"column":0},"end":{"line":451,"column":20}},"451":{"start":{"line":452,"column":0},"end":{"line":452,"column":2}},"452":{"start":{"line":453,"column":0},"end":{"line":453,"column":28}},"453":{"start":{"line":454,"column":0},"end":{"line":454,"column":20}},"454":{"start":{"line":455,"column":0},"end":{"line":455,"column":2}},"455":{"start":{"line":456,"column":0},"end":{"line":456,"column":27}},"456":{"start":{"line":457,"column":0},"end":{"line":457,"column":20}},"457":{"start":{"line":458,"column":0},"end":{"line":458,"column":1}},"458":{"start":{"line":459,"column":0},"end":{"line":459,"column":0}},"459":{"start":{"line":460,"column":0},"end":{"line":460,"column":3}},"460":{"start":{"line":461,"column":0},"end":{"line":461,"column":20}},"461":{"start":{"line":462,"column":0},"end":{"line":462,"column":3}},"462":{"start":{"line":463,"column":0},"end":{"line":463,"column":34}},"463":{"start":{"line":464,"column":0},"end":{"line":464,"column":26}},"464":{"start":{"line":465,"column":0},"end":{"line":465,"column":19}},"465":{"start":{"line":466,"column":0},"end":{"line":466,"column":2}},"466":{"start":{"line":467,"column":0},"end":{"line":467,"column":46}},"467":{"start":{"line":468,"column":0},"end":{"line":468,"column":19}},"468":{"start":{"line":469,"column":0},"end":{"line":469,"column":2}},"469":{"start":{"line":470,"column":0},"end":{"line":470,"column":59}},"470":{"start":{"line":471,"column":0},"end":{"line":471,"column":26}},"471":{"start":{"line":472,"column":0},"end":{"line":472,"column":2}},"472":{"start":{"line":473,"column":0},"end":{"line":473,"column":30}},"473":{"start":{"line":474,"column":0},"end":{"line":474,"column":16}},"474":{"start":{"line":475,"column":0},"end":{"line":475,"column":2}},"475":{"start":{"line":476,"column":0},"end":{"line":476,"column":36}},"476":{"start":{"line":477,"column":0},"end":{"line":477,"column":22}},"477":{"start":{"line":478,"column":0},"end":{"line":478,"column":2}},"478":{"start":{"line":479,"column":0},"end":{"line":479,"column":27}},"479":{"start":{"line":480,"column":0},"end":{"line":480,"column":16}},"480":{"start":{"line":481,"column":0},"end":{"line":481,"column":2}},"481":{"start":{"line":482,"column":0},"end":{"line":482,"column":24}},"482":{"start":{"line":483,"column":0},"end":{"line":483,"column":18}},"483":{"start":{"line":484,"column":0},"end":{"line":484,"column":1}},"484":{"start":{"line":485,"column":0},"end":{"line":485,"column":0}},"485":{"start":{"line":486,"column":0},"end":{"line":486,"column":3}},"486":{"start":{"line":487,"column":0},"end":{"line":487,"column":21}},"487":{"start":{"line":488,"column":0},"end":{"line":488,"column":3}},"488":{"start":{"line":489,"column":0},"end":{"line":489,"column":29}},"489":{"start":{"line":490,"column":0},"end":{"line":490,"column":22}},"490":{"start":{"line":491,"column":0},"end":{"line":491,"column":30}},"491":{"start":{"line":492,"column":0},"end":{"line":492,"column":22}},"492":{"start":{"line":493,"column":0},"end":{"line":493,"column":20}},"493":{"start":{"line":494,"column":0},"end":{"line":494,"column":25}},"494":{"start":{"line":495,"column":0},"end":{"line":495,"column":20}},"495":{"start":{"line":496,"column":0},"end":{"line":496,"column":1}},"496":{"start":{"line":497,"column":0},"end":{"line":497,"column":0}},"497":{"start":{"line":498,"column":0},"end":{"line":498,"column":3}},"498":{"start":{"line":499,"column":0},"end":{"line":499,"column":36}},"499":{"start":{"line":500,"column":0},"end":{"line":500,"column":3}},"500":{"start":{"line":501,"column":0},"end":{"line":501,"column":42}},"501":{"start":{"line":502,"column":0},"end":{"line":502,"column":5}},"502":{"start":{"line":503,"column":0},"end":{"line":503,"column":36}},"503":{"start":{"line":504,"column":0},"end":{"line":504,"column":5}},"504":{"start":{"line":505,"column":0},"end":{"line":505,"column":11}},"505":{"start":{"line":506,"column":0},"end":{"line":506,"column":33}},"506":{"start":{"line":507,"column":0},"end":{"line":507,"column":33}},"507":{"start":{"line":508,"column":0},"end":{"line":508,"column":34}},"508":{"start":{"line":509,"column":0},"end":{"line":509,"column":2}},"509":{"start":{"line":510,"column":0},"end":{"line":510,"column":5}},"510":{"start":{"line":511,"column":0},"end":{"line":511,"column":43}},"511":{"start":{"line":512,"column":0},"end":{"line":512,"column":5}},"512":{"start":{"line":513,"column":0},"end":{"line":513,"column":49}},"513":{"start":{"line":514,"column":0},"end":{"line":514,"column":1}},"514":{"start":{"line":515,"column":0},"end":{"line":515,"column":0}},"515":{"start":{"line":516,"column":0},"end":{"line":516,"column":3}},"516":{"start":{"line":517,"column":0},"end":{"line":517,"column":23}},"517":{"start":{"line":518,"column":0},"end":{"line":518,"column":3}},"518":{"start":{"line":519,"column":0},"end":{"line":519,"column":38}},"519":{"start":{"line":520,"column":0},"end":{"line":520,"column":38}},"520":{"start":{"line":521,"column":0},"end":{"line":521,"column":29}},"521":{"start":{"line":522,"column":0},"end":{"line":522,"column":2}},"522":{"start":{"line":523,"column":0},"end":{"line":523,"column":39}},"523":{"start":{"line":524,"column":0},"end":{"line":524,"column":24}},"524":{"start":{"line":525,"column":0},"end":{"line":525,"column":2}},"525":{"start":{"line":526,"column":0},"end":{"line":526,"column":28}},"526":{"start":{"line":527,"column":0},"end":{"line":527,"column":34}},"527":{"start":{"line":528,"column":0},"end":{"line":528,"column":1}},"528":{"start":{"line":529,"column":0},"end":{"line":529,"column":0}},"529":{"start":{"line":530,"column":0},"end":{"line":530,"column":3}},"530":{"start":{"line":531,"column":0},"end":{"line":531,"column":21}},"531":{"start":{"line":532,"column":0},"end":{"line":532,"column":3}},"532":{"start":{"line":533,"column":0},"end":{"line":533,"column":36}},"533":{"start":{"line":534,"column":0},"end":{"line":534,"column":18}},"534":{"start":{"line":535,"column":0},"end":{"line":535,"column":15}},"535":{"start":{"line":536,"column":0},"end":{"line":536,"column":2}},"536":{"start":{"line":537,"column":0},"end":{"line":537,"column":21}},"537":{"start":{"line":538,"column":0},"end":{"line":538,"column":18}},"538":{"start":{"line":539,"column":0},"end":{"line":539,"column":2}},"539":{"start":{"line":540,"column":0},"end":{"line":540,"column":29}},"540":{"start":{"line":541,"column":0},"end":{"line":541,"column":30}},"541":{"start":{"line":542,"column":0},"end":{"line":542,"column":1}},"542":{"start":{"line":543,"column":0},"end":{"line":543,"column":0}},"543":{"start":{"line":544,"column":0},"end":{"line":544,"column":3}},"544":{"start":{"line":545,"column":0},"end":{"line":545,"column":40}},"545":{"start":{"line":546,"column":0},"end":{"line":546,"column":3}},"546":{"start":{"line":547,"column":0},"end":{"line":547,"column":37}},"547":{"start":{"line":548,"column":0},"end":{"line":548,"column":18}},"548":{"start":{"line":549,"column":0},"end":{"line":549,"column":15}},"549":{"start":{"line":550,"column":0},"end":{"line":550,"column":2}},"550":{"start":{"line":551,"column":0},"end":{"line":551,"column":53}},"551":{"start":{"line":552,"column":0},"end":{"line":552,"column":15}},"552":{"start":{"line":553,"column":0},"end":{"line":553,"column":2}},"553":{"start":{"line":554,"column":0},"end":{"line":554,"column":34}},"554":{"start":{"line":555,"column":0},"end":{"line":555,"column":23}},"555":{"start":{"line":556,"column":0},"end":{"line":556,"column":2}},"556":{"start":{"line":557,"column":0},"end":{"line":557,"column":33}},"557":{"start":{"line":558,"column":0},"end":{"line":558,"column":30}},"558":{"start":{"line":559,"column":0},"end":{"line":559,"column":2}},"559":{"start":{"line":560,"column":0},"end":{"line":560,"column":34}},"560":{"start":{"line":561,"column":0},"end":{"line":561,"column":19}},"561":{"start":{"line":562,"column":0},"end":{"line":562,"column":2}},"562":{"start":{"line":563,"column":0},"end":{"line":563,"column":25}},"563":{"start":{"line":564,"column":0},"end":{"line":564,"column":16}},"564":{"start":{"line":565,"column":0},"end":{"line":565,"column":2}},"565":{"start":{"line":566,"column":0},"end":{"line":566,"column":50}},"566":{"start":{"line":567,"column":0},"end":{"line":567,"column":23}},"567":{"start":{"line":568,"column":0},"end":{"line":568,"column":2}},"568":{"start":{"line":569,"column":0},"end":{"line":569,"column":24}},"569":{"start":{"line":570,"column":0},"end":{"line":570,"column":26}},"570":{"start":{"line":571,"column":0},"end":{"line":571,"column":1}},"571":{"start":{"line":572,"column":0},"end":{"line":572,"column":0}},"572":{"start":{"line":573,"column":0},"end":{"line":573,"column":3}},"573":{"start":{"line":574,"column":0},"end":{"line":574,"column":26}},"574":{"start":{"line":575,"column":0},"end":{"line":575,"column":3}},"575":{"start":{"line":576,"column":0},"end":{"line":576,"column":31}},"576":{"start":{"line":577,"column":0},"end":{"line":577,"column":15}},"577":{"start":{"line":578,"column":0},"end":{"line":578,"column":15}},"578":{"start":{"line":579,"column":0},"end":{"line":579,"column":23}},"579":{"start":{"line":580,"column":0},"end":{"line":580,"column":21}},"580":{"start":{"line":581,"column":0},"end":{"line":581,"column":24}},"581":{"start":{"line":582,"column":0},"end":{"line":582,"column":1}},"582":{"start":{"line":583,"column":0},"end":{"line":583,"column":0}},"583":{"start":{"line":584,"column":0},"end":{"line":584,"column":3}},"584":{"start":{"line":585,"column":0},"end":{"line":585,"column":30}},"585":{"start":{"line":586,"column":0},"end":{"line":586,"column":3}},"586":{"start":{"line":587,"column":0},"end":{"line":587,"column":33}},"587":{"start":{"line":588,"column":0},"end":{"line":588,"column":15}},"588":{"start":{"line":589,"column":0},"end":{"line":589,"column":15}},"589":{"start":{"line":590,"column":0},"end":{"line":590,"column":17}},"590":{"start":{"line":591,"column":0},"end":{"line":591,"column":1}},"591":{"start":{"line":592,"column":0},"end":{"line":592,"column":0}},"592":{"start":{"line":593,"column":0},"end":{"line":593,"column":3}},"593":{"start":{"line":594,"column":0},"end":{"line":594,"column":30}},"594":{"start":{"line":595,"column":0},"end":{"line":595,"column":3}},"595":{"start":{"line":596,"column":0},"end":{"line":596,"column":34}},"596":{"start":{"line":597,"column":0},"end":{"line":597,"column":20}},"597":{"start":{"line":598,"column":0},"end":{"line":598,"column":22}},"598":{"start":{"line":599,"column":0},"end":{"line":599,"column":2}},"599":{"start":{"line":600,"column":0},"end":{"line":600,"column":25}},"600":{"start":{"line":601,"column":0},"end":{"line":601,"column":18}},"601":{"start":{"line":602,"column":0},"end":{"line":602,"column":1}},"602":{"start":{"line":603,"column":0},"end":{"line":603,"column":0}},"603":{"start":{"line":604,"column":0},"end":{"line":604,"column":3}},"604":{"start":{"line":605,"column":0},"end":{"line":605,"column":26}},"605":{"start":{"line":606,"column":0},"end":{"line":606,"column":3}},"606":{"start":{"line":607,"column":0},"end":{"line":607,"column":27}},"607":{"start":{"line":608,"column":0},"end":{"line":608,"column":20}},"608":{"start":{"line":609,"column":0},"end":{"line":609,"column":16}},"609":{"start":{"line":610,"column":0},"end":{"line":610,"column":2}},"610":{"start":{"line":611,"column":0},"end":{"line":611,"column":30}},"611":{"start":{"line":612,"column":0},"end":{"line":612,"column":15}},"612":{"start":{"line":613,"column":0},"end":{"line":613,"column":2}},"613":{"start":{"line":614,"column":0},"end":{"line":614,"column":23}},"614":{"start":{"line":615,"column":0},"end":{"line":615,"column":24}},"615":{"start":{"line":616,"column":0},"end":{"line":616,"column":2}},"616":{"start":{"line":617,"column":0},"end":{"line":617,"column":38}},"617":{"start":{"line":618,"column":0},"end":{"line":618,"column":16}},"618":{"start":{"line":619,"column":0},"end":{"line":619,"column":1}}},"s":{"0":1,"1":1,"2":1,"3":1,"4":1,"5":1,"6":1,"7":1,"8":1,"9":1,"10":1,"11":1,"12":1,"13":1,"14":1,"15":1,"16":1,"17":1,"18":1,"19":1,"20":1,"21":1,"22":1,"23":1,"24":1,"25":1,"26":1,"27":1,"28":1,"29":1,"30":1,"31":1,"32":1,"33":1,"34":1,"35":1,"36":1,"37":1,"38":1,"39":1,"40":1,"41":1,"42":1,"43":1,"44":1,"45":1,"46":1,"47":1,"48":1,"49":1,"50":1,"51":1,"52":1,"53":1,"54":1,"55":1,"56":1,"57":1,"58":1,"59":1,"60":1,"61":1,"62":1,"63":1,"64":1,"65":1,"66":1,"67":1,"68":1,"69":1,"70":1,"71":1,"72":1,"73":1,"74":1,"75":1,"76":1,"77":1,"78":1,"79":1,"80":1,"81":1,"82":1,"83":1,"84":1,"85":1,"86":1,"87":1,"88":1,"89":1,"90":1,"91":1,"92":1,"93":1,"94":1,"95":1,"96":1,"97":1,"98":1,"99":1,"100":1,"101":1,"102":1,"103":1,"104":1,"105":1,"106":1,"107":1,"108":1,"109":1,"110":1,"111":1,"112":1,"113":1,"114":1,"115":1,"116":1,"117":1,"118":1,"119":1,"120":1,"121":1,"122":1,"123":1,"124":1,"125":1,"126":1,"127":1,"128":1,"129":1,"130":1,"131":1,"132":1,"133":1,"134":1,"135":1,"136":1,"137":1,"138":1,"139":1,"140":1,"141":1,"142":1,"143":1,"144":1,"145":1,"146":1,"147":1,"148":1,"149":1,"150":1,"151":1,"152":1,"153":1,"154":1,"155":1,"156":1,"157":1,"158":1,"159":1,"160":1,"161":1,"162":1,"163":1,"164":1,"165":1,"166":1,"167":1,"168":1,"169":1,"170":1,"171":1,"172":1,"173":1,"174":1,"175":1,"176":1,"177":1,"178":1,"179":1,"180":1,"181":1,"182":1,"183":1,"184":1,"185":1,"186":1,"187":1,"188":1,"189":1,"190":1,"191":1,"192":1,"193":1,"194":1,"195":1,"196":1,"197":1,"198":1,"199":1,"200":1,"201":1,"202":1,"203":1,"204":1,"205":1,"206":1,"207":1,"208":1,"209":1,"210":1,"211":1,"212":1,"213":1,"214":1,"215":1,"216":1,"217":1,"218":1,"219":1,"220":1,"221":1,"222":1,"223":1,"224":1,"225":1,"226":1,"227":1,"228":1,"229":1,"230":1,"231":1,"232":1,"233":1,"234":1,"235":1,"236":1,"237":1,"238":1,"239":1,"240":1,"241":1,"242":1,"243":1,"244":1,"245":1,"246":1,"247":1,"248":1,"249":1,"250":1,"251":1,"252":1,"253":1,"254":1,"255":1,"256":1,"257":1,"258":1,"259":1,"260":1,"261":1,"262":1,"263":1,"264":1,"265":1,"266":1,"267":1,"268":1,"269":1,"270":1,"271":1,"272":1,"273":1,"274":1,"275":1,"276":1,"277":1,"278":1,"279":1,"280":1,"281":1,"282":1,"283":1,"284":1,"285":1,"286":1,"287":1,"288":1,"289":1,"290":1,"291":1,"292":1,"293":1,"294":1,"295":1,"296":1,"297":1,"298":1,"299":1,"300":1,"301":1,"302":1,"303":1,"304":1,"305":1,"306":1,"307":1,"308":1,"309":1,"310":1,"311":1,"312":1,"313":1,"314":1,"315":1,"316":1,"317":1,"318":1,"319":1,"320":1,"321":1,"322":1,"323":1,"324":1,"325":1,"326":1,"327":1,"328":1,"329":1,"330":1,"331":1,"332":1,"333":1,"334":1,"335":1,"336":1,"337":1,"338":1,"339":1,"340":1,"341":1,"342":1,"343":1,"344":1,"345":1,"346":1,"347":1,"348":1,"349":1,"350":1,"351":1,"352":1,"353":1,"354":1,"355":1,"356":1,"357":1,"358":1,"359":1,"360":1,"361":1,"362":1,"363":1,"364":1,"365":1,"366":1,"367":1,"368":1,"369":1,"370":1,"371":1,"372":1,"373":1,"374":1,"375":1,"376":1,"377":1,"378":1,"379":1,"380":1,"381":1,"382":1,"383":1,"384":1,"385":1,"386":1,"387":1,"388":1,"389":1,"390":1,"391":1,"392":1,"393":1,"394":1,"395":1,"396":1,"397":1,"398":1,"399":1,"400":1,"401":1,"402":1,"403":1,"404":1,"405":1,"406":1,"407":1,"408":1,"409":1,"410":1,"411":1,"412":1,"413":1,"414":1,"415":1,"416":1,"417":1,"418":1,"419":1,"420":1,"421":1,"422":1,"423":1,"424":1,"425":1,"426":1,"427":1,"428":1,"429":1,"430":1,"431":1,"432":1,"433":1,"434":1,"435":1,"436":1,"437":1,"438":1,"439":1,"440":1,"441":1,"442":1,"443":1,"444":1,"445":1,"446":1,"447":1,"448":1,"449":1,"450":1,"451":1,"452":1,"453":1,"454":1,"455":1,"456":1,"457":1,"458":1,"459":1,"460":1,"461":1,"462":1,"463":1,"464":1,"465":1,"466":1,"467":1,"468":1,"469":1,"470":1,"471":1,"472":1,"473":1,"474":1,"475":1,"476":1,"477":1,"478":1,"479":1,"480":1,"481":1,"482":1,"483":1,"484":1,"485":1,"486":1,"487":1,"488":1,"489":1,"490":1,"491":1,"492":1,"493":1,"494":1,"495":1,"496":1,"497":1,"498":1,"499":1,"500":1,"501":1,"502":1,"503":1,"504":1,"505":1,"506":1,"507":1,"508":1,"509":1,"510":1,"511":1,"512":1,"513":1,"514":1,"515":1,"516":1,"517":1,"518":1,"519":1,"520":1,"521":1,"522":1,"523":1,"524":1,"525":1,"526":1,"527":1,"528":1,"529":1,"530":1,"531":1,"532":1,"533":1,"534":1,"535":1,"536":1,"537":1,"538":1,"539":1,"540":1,"541":1,"542":1,"543":1,"544":1,"545":1,"546":1,"547":1,"548":1,"549":1,"550":1,"551":1,"552":1,"553":1,"554":1,"555":1,"556":1,"557":1,"558":1,"559":1,"560":1,"561":1,"562":1,"563":1,"564":1,"565":1,"566":1,"567":1,"568":1,"569":1,"570":1,"571":1,"572":1,"573":1,"574":1,"575":1,"576":1,"577":1,"578":1,"579":1,"580":1,"581":1,"582":1,"583":1,"584":1,"585":1,"586":1,"587":1,"588":1,"589":1,"590":1,"591":1,"592":1,"593":1,"594":1,"595":1,"596":1,"597":1,"598":1,"599":1,"600":1,"601":1,"602":1,"603":1,"604":1,"605":1,"606":1,"607":1,"608":1,"609":1,"610":1,"611":1,"612":1,"613":1,"614":1,"615":1,"616":1,"617":1,"618":1},"branchMap":{"0":{"type":"branch","line":39,"loc":{"start":{"line":39,"column":7},"end":{"line":39,"column":26}},"locations":[{"start":{"line":39,"column":7},"end":{"line":39,"column":26}}]},"1":{"type":"branch","line":89,"loc":{"start":{"line":89,"column":7},"end":{"line":89,"column":32}},"locations":[{"start":{"line":89,"column":7},"end":{"line":89,"column":32}}]},"2":{"type":"branch","line":109,"loc":{"start":{"line":109,"column":7},"end":{"line":109,"column":34}},"locations":[{"start":{"line":109,"column":7},"end":{"line":109,"column":34}}]},"3":{"type":"branch","line":163,"loc":{"start":{"line":163,"column":7},"end":{"line":163,"column":28}},"locations":[{"start":{"line":163,"column":7},"end":{"line":163,"column":28}}]},"4":{"type":"branch","line":206,"loc":{"start":{"line":206,"column":7},"end":{"line":206,"column":33}},"locations":[{"start":{"line":206,"column":7},"end":{"line":206,"column":33}}]},"5":{"type":"branch","line":440,"loc":{"start":{"line":440,"column":7},"end":{"line":440,"column":32}},"locations":[{"start":{"line":440,"column":7},"end":{"line":440,"column":32}}]},"6":{"type":"branch","line":489,"loc":{"start":{"line":489,"column":7},"end":{"line":489,"column":29}},"locations":[{"start":{"line":489,"column":7},"end":{"line":489,"column":29}}]}},"b":{"0":[3],"1":[3],"2":[3],"3":[3],"4":[3],"5":[3],"6":[3]},"fnMap":{},"f":{}}
}
